{"/home/jeplind/Desktop/phase3/finalproject/pet-adoption/app.js": {"path":"/home/jeplind/Desktop/phase3/finalproject/pet-adoption/app.js","statementMap":{"0":{"start":{"line":1,"column":0},"end":{"line":3,"column":1}},"1":{"start":{"line":2,"column":2},"end":{"line":2,"column":28}},"2":{"start":{"line":5,"column":16},"end":{"line":5,"column":34}},"3":{"start":{"line":6,"column":13},"end":{"line":6,"column":28}},"4":{"start":{"line":7,"column":15},"end":{"line":7,"column":40}},"5":{"start":{"line":8,"column":20},"end":{"line":8,"column":58}},"6":{"start":{"line":10,"column":12},"end":{"line":10,"column":21}},"7":{"start":{"line":11,"column":13},"end":{"line":11,"column":17}},"8":{"start":{"line":13,"column":0},"end":{"line":13,"column":15}},"9":{"start":{"line":14,"column":0},"end":{"line":14,"column":47}},"10":{"start":{"line":15,"column":0},"end":{"line":15,"column":23}},"11":{"start":{"line":16,"column":0},"end":{"line":16,"column":15}},"12":{"start":{"line":17,"column":0},"end":{"line":17,"column":20}},"13":{"start":{"line":19,"column":0},"end":{"line":19,"column":62}},"14":{"start":{"line":19,"column":23},"end":{"line":19,"column":61}},"15":{"start":{"line":21,"column":0},"end":{"line":21,"column":20}}},"fnMap":{"0":{"name":"(anonymous_0)","decl":{"start":{"line":19,"column":17},"end":{"line":19,"column":18}},"loc":{"start":{"line":19,"column":23},"end":{"line":19,"column":61}},"line":19}},"branchMap":{"0":{"loc":{"start":{"line":1,"column":0},"end":{"line":3,"column":1}},"type":"if","locations":[{"start":{"line":1,"column":0},"end":{"line":3,"column":1}},{"start":{"line":1,"column":0},"end":{"line":3,"column":1}}],"line":1}},"s":{"0":3,"1":3,"2":3,"3":3,"4":3,"5":3,"6":3,"7":3,"8":3,"9":3,"10":3,"11":3,"12":3,"13":3,"14":1,"15":3},"f":{"0":1},"b":{"0":[3,0]},"_coverageSchema":"1a1c01bbd47fc00a2c39e90264f33305004495a9","hash":"24c916c482b5425b91a252d7cc48a0571f423610"}
,"/home/jeplind/Desktop/phase3/finalproject/pet-adoption/config/mongo.js": {"path":"/home/jeplind/Desktop/phase3/finalproject/pet-adoption/config/mongo.js","statementMap":{"0":{"start":{"line":1,"column":34},"end":{"line":1,"column":52}},"1":{"start":{"line":2,"column":12},"end":{"line":2,"column":39}},"2":{"start":{"line":4,"column":15},"end":{"line":4,"column":65}},"3":{"start":{"line":6,"column":16},"end":{"line":6,"column":50}},"4":{"start":{"line":6,"column":28},"end":{"line":6,"column":50}},"5":{"start":{"line":7,"column":0},"end":{"line":7,"column":9}},"6":{"start":{"line":11,"column":0},"end":{"line":15,"column":1}},"7":{"start":{"line":12,"column":2},"end":{"line":12,"column":36}},"8":{"start":{"line":14,"column":2},"end":{"line":14,"column":28}},"9":{"start":{"line":18,"column":0},"end":{"line":21,"column":1}}},"fnMap":{"0":{"name":"(anonymous_0)","decl":{"start":{"line":6,"column":16},"end":{"line":6,"column":17}},"loc":{"start":{"line":6,"column":28},"end":{"line":6,"column":50}},"line":6}},"branchMap":{"0":{"loc":{"start":{"line":11,"column":0},"end":{"line":15,"column":1}},"type":"if","locations":[{"start":{"line":11,"column":0},"end":{"line":15,"column":1}},{"start":{"line":11,"column":0},"end":{"line":15,"column":1}}],"line":11}},"s":{"0":3,"1":3,"2":3,"3":3,"4":3,"5":3,"6":3,"7":3,"8":0,"9":3},"f":{"0":3},"b":{"0":[3,0]},"_coverageSchema":"1a1c01bbd47fc00a2c39e90264f33305004495a9","hash":"deb9057063ec9640d2455c3622b0ea62992c3511"}
,"/home/jeplind/Desktop/phase3/finalproject/pet-adoption/controllers/favorite.js": {"path":"/home/jeplind/Desktop/phase3/finalproject/pet-adoption/controllers/favorite.js","statementMap":{"0":{"start":{"line":1,"column":25},"end":{"line":1,"column":51}},"1":{"start":{"line":2,"column":19},"end":{"line":2,"column":45}},"2":{"start":{"line":3,"column":24},"end":{"line":3,"column":45}},"3":{"start":{"line":8,"column":4},"end":{"line":37,"column":5}},"4":{"start":{"line":9,"column":25},"end":{"line":9,"column":33}},"5":{"start":{"line":10,"column":6},"end":{"line":34,"column":7}},"6":{"start":{"line":11,"column":8},"end":{"line":11,"column":53}},"7":{"start":{"line":13,"column":29},"end":{"line":16,"column":10}},"8":{"start":{"line":17,"column":8},"end":{"line":33,"column":9}},"9":{"start":{"line":18,"column":10},"end":{"line":18,"column":64}},"10":{"start":{"line":20,"column":29},"end":{"line":23,"column":12}},"11":{"start":{"line":24,"column":10},"end":{"line":32,"column":11}},"12":{"start":{"line":25,"column":29},"end":{"line":27,"column":14}},"13":{"start":{"line":28,"column":12},"end":{"line":31,"column":14}},"14":{"start":{"line":36,"column":6},"end":{"line":36,"column":15}},"15":{"start":{"line":41,"column":4},"end":{"line":71,"column":5}},"16":{"start":{"line":42,"column":25},"end":{"line":66,"column":18}},"17":{"start":{"line":67,"column":6},"end":{"line":67,"column":38}},"18":{"start":{"line":75,"column":4},"end":{"line":85,"column":5}},"19":{"start":{"line":76,"column":17},"end":{"line":76,"column":30}},"20":{"start":{"line":77,"column":24},"end":{"line":77,"column":73}},"21":{"start":{"line":78,"column":6},"end":{"line":82,"column":7}},"22":{"start":{"line":79,"column":8},"end":{"line":79,"column":80}},"23":{"start":{"line":81,"column":8},"end":{"line":81,"column":94}},"24":{"start":{"line":84,"column":6},"end":{"line":84,"column":15}},"25":{"start":{"line":89,"column":0},"end":{"line":89,"column":39}}},"fnMap":{"0":{"name":"(anonymous_0)","decl":{"start":{"line":7,"column":2},"end":{"line":7,"column":3}},"loc":{"start":{"line":7,"column":44},"end":{"line":38,"column":3}},"line":7},"1":{"name":"(anonymous_1)","decl":{"start":{"line":40,"column":2},"end":{"line":40,"column":3}},"loc":{"start":{"line":40,"column":46},"end":{"line":72,"column":3}},"line":40},"2":{"name":"(anonymous_2)","decl":{"start":{"line":74,"column":2},"end":{"line":74,"column":3}},"loc":{"start":{"line":74,"column":44},"end":{"line":86,"column":3}},"line":74}},"branchMap":{"0":{"loc":{"start":{"line":10,"column":6},"end":{"line":34,"column":7}},"type":"if","locations":[{"start":{"line":10,"column":6},"end":{"line":34,"column":7}},{"start":{"line":10,"column":6},"end":{"line":34,"column":7}}],"line":10},"1":{"loc":{"start":{"line":17,"column":8},"end":{"line":33,"column":9}},"type":"if","locations":[{"start":{"line":17,"column":8},"end":{"line":33,"column":9}},{"start":{"line":17,"column":8},"end":{"line":33,"column":9}}],"line":17},"2":{"loc":{"start":{"line":24,"column":10},"end":{"line":32,"column":11}},"type":"if","locations":[{"start":{"line":24,"column":10},"end":{"line":32,"column":11}},{"start":{"line":24,"column":10},"end":{"line":32,"column":11}}],"line":24},"3":{"loc":{"start":{"line":78,"column":6},"end":{"line":82,"column":7}},"type":"if","locations":[{"start":{"line":78,"column":6},"end":{"line":82,"column":7}},{"start":{"line":78,"column":6},"end":{"line":82,"column":7}}],"line":78}},"s":{"0":3,"1":3,"2":3,"3":3,"4":3,"5":3,"6":1,"7":2,"8":2,"9":1,"10":1,"11":1,"12":1,"13":1,"14":2,"15":1,"16":1,"17":1,"18":2,"19":2,"20":2,"21":2,"22":1,"23":1,"24":1,"25":3},"f":{"0":3,"1":1,"2":2},"b":{"0":[1,2],"1":[1,1],"2":[1,0],"3":[1,1]},"_coverageSchema":"1a1c01bbd47fc00a2c39e90264f33305004495a9","hash":"fe3fd5ec6be438fbcec78935b85dd9e0486bbd8c"}
,"/home/jeplind/Desktop/phase3/finalproject/pet-adoption/controllers/pets.js": {"path":"/home/jeplind/Desktop/phase3/finalproject/pet-adoption/controllers/pets.js","statementMap":{"0":{"start":{"line":1,"column":15},"end":{"line":1,"column":41}},"1":{"start":{"line":2,"column":21},"end":{"line":2,"column":39}},"2":{"start":{"line":8,"column":4},"end":{"line":8,"column":36}},"3":{"start":{"line":10,"column":13},"end":{"line":10,"column":34}},"4":{"start":{"line":14,"column":4},"end":{"line":40,"column":5}},"5":{"start":{"line":15,"column":22},"end":{"line":35,"column":18}},"6":{"start":{"line":36,"column":6},"end":{"line":36,"column":35}},"7":{"start":{"line":39,"column":6},"end":{"line":39,"column":17}},"8":{"start":{"line":44,"column":4},"end":{"line":73,"column":5}},"9":{"start":{"line":45,"column":17},"end":{"line":45,"column":30}},"10":{"start":{"line":46,"column":18},"end":{"line":65,"column":18}},"11":{"start":{"line":66,"column":6},"end":{"line":70,"column":7}},"12":{"start":{"line":67,"column":8},"end":{"line":67,"column":36}},"13":{"start":{"line":69,"column":8},"end":{"line":69,"column":58}},"14":{"start":{"line":72,"column":6},"end":{"line":72,"column":17}},"15":{"start":{"line":77,"column":4},"end":{"line":99,"column":5}},"16":{"start":{"line":78,"column":19},"end":{"line":78,"column":35}},"17":{"start":{"line":79,"column":22},"end":{"line":90,"column":7}},"18":{"start":{"line":91,"column":21},"end":{"line":91,"column":50}},"19":{"start":{"line":92,"column":6},"end":{"line":96,"column":7}},"20":{"start":{"line":93,"column":8},"end":{"line":93,"column":59}},"21":{"start":{"line":95,"column":8},"end":{"line":95,"column":43}},"22":{"start":{"line":98,"column":6},"end":{"line":98,"column":17}},"23":{"start":{"line":103,"column":4},"end":{"line":130,"column":5}},"24":{"start":{"line":104,"column":49},"end":{"line":104,"column":57}},"25":{"start":{"line":105,"column":28},"end":{"line":116,"column":8}},"26":{"start":{"line":117,"column":6},"end":{"line":127,"column":7}},"27":{"start":{"line":118,"column":24},"end":{"line":118,"column":50}},"28":{"start":{"line":119,"column":8},"end":{"line":123,"column":10}},"29":{"start":{"line":124,"column":8},"end":{"line":124,"column":103}},"30":{"start":{"line":126,"column":8},"end":{"line":126,"column":58}},"31":{"start":{"line":129,"column":6},"end":{"line":129,"column":17}},"32":{"start":{"line":134,"column":4},"end":{"line":142,"column":5}},"33":{"start":{"line":135,"column":22},"end":{"line":135,"column":42}},"34":{"start":{"line":136,"column":24},"end":{"line":138,"column":18}},"35":{"start":{"line":139,"column":6},"end":{"line":139,"column":37}},"36":{"start":{"line":141,"column":6},"end":{"line":141,"column":17}},"37":{"start":{"line":146,"column":4},"end":{"line":168,"column":5}},"38":{"start":{"line":147,"column":17},"end":{"line":147,"column":30}},"39":{"start":{"line":148,"column":22},"end":{"line":155,"column":7}},"40":{"start":{"line":156,"column":21},"end":{"line":162,"column":8}},"41":{"start":{"line":163,"column":6},"end":{"line":165,"column":7}},"42":{"start":{"line":164,"column":8},"end":{"line":164,"column":42}},"43":{"start":{"line":167,"column":6},"end":{"line":167,"column":17}},"44":{"start":{"line":172,"column":4},"end":{"line":218,"column":5}},"45":{"start":{"line":173,"column":17},"end":{"line":173,"column":30}},"46":{"start":{"line":174,"column":39},"end":{"line":174,"column":47}},"47":{"start":{"line":176,"column":22},"end":{"line":176,"column":24}},"48":{"start":{"line":178,"column":6},"end":{"line":185,"column":7}},"49":{"start":{"line":179,"column":8},"end":{"line":179,"column":31}},"50":{"start":{"line":180,"column":8},"end":{"line":180,"column":47}},"51":{"start":{"line":181,"column":8},"end":{"line":181,"column":28}},"52":{"start":{"line":183,"column":8},"end":{"line":183,"column":31}},"53":{"start":{"line":184,"column":8},"end":{"line":184,"column":106}},"54":{"start":{"line":184,"column":56},"end":{"line":184,"column":105}},"55":{"start":{"line":186,"column":21},"end":{"line":192,"column":8}},"56":{"start":{"line":193,"column":6},"end":{"line":215,"column":7}},"57":{"start":{"line":194,"column":8},"end":{"line":198,"column":10}},"58":{"start":{"line":199,"column":25},"end":{"line":199,"column":105}},"59":{"start":{"line":199,"column":55},"end":{"line":199,"column":104}},"60":{"start":{"line":200,"column":8},"end":{"line":206,"column":9}},"61":{"start":{"line":201,"column":10},"end":{"line":205,"column":12}},"62":{"start":{"line":207,"column":8},"end":{"line":207,"column":85}},"63":{"start":{"line":209,"column":8},"end":{"line":213,"column":10}},"64":{"start":{"line":214,"column":8},"end":{"line":214,"column":82}},"65":{"start":{"line":217,"column":6},"end":{"line":217,"column":17}},"66":{"start":{"line":222,"column":4},"end":{"line":232,"column":5}},"67":{"start":{"line":223,"column":17},"end":{"line":223,"column":30}},"68":{"start":{"line":224,"column":21},"end":{"line":226,"column":8}},"69":{"start":{"line":227,"column":6},"end":{"line":229,"column":7}},"70":{"start":{"line":228,"column":8},"end":{"line":228,"column":68}},"71":{"start":{"line":231,"column":6},"end":{"line":231,"column":17}},"72":{"start":{"line":236,"column":0},"end":{"line":236,"column":30}}},"fnMap":{"0":{"name":"(anonymous_0)","decl":{"start":{"line":13,"column":2},"end":{"line":13,"column":3}},"loc":{"start":{"line":13,"column":40},"end":{"line":41,"column":3}},"line":13},"1":{"name":"(anonymous_1)","decl":{"start":{"line":43,"column":2},"end":{"line":43,"column":3}},"loc":{"start":{"line":43,"column":42},"end":{"line":74,"column":3}},"line":43},"2":{"name":"(anonymous_2)","decl":{"start":{"line":76,"column":2},"end":{"line":76,"column":3}},"loc":{"start":{"line":76,"column":39},"end":{"line":100,"column":3}},"line":76},"3":{"name":"(anonymous_3)","decl":{"start":{"line":102,"column":2},"end":{"line":102,"column":3}},"loc":{"start":{"line":102,"column":47},"end":{"line":131,"column":3}},"line":102},"4":{"name":"(anonymous_4)","decl":{"start":{"line":133,"column":2},"end":{"line":133,"column":3}},"loc":{"start":{"line":133,"column":45},"end":{"line":143,"column":3}},"line":133},"5":{"name":"(anonymous_5)","decl":{"start":{"line":145,"column":2},"end":{"line":145,"column":3}},"loc":{"start":{"line":145,"column":41},"end":{"line":169,"column":3}},"line":145},"6":{"name":"(anonymous_6)","decl":{"start":{"line":171,"column":2},"end":{"line":171,"column":3}},"loc":{"start":{"line":171,"column":41},"end":{"line":219,"column":3}},"line":171},"7":{"name":"(anonymous_7)","decl":{"start":{"line":184,"column":45},"end":{"line":184,"column":46}},"loc":{"start":{"line":184,"column":56},"end":{"line":184,"column":105}},"line":184},"8":{"name":"(anonymous_8)","decl":{"start":{"line":199,"column":44},"end":{"line":199,"column":45}},"loc":{"start":{"line":199,"column":55},"end":{"line":199,"column":104}},"line":199},"9":{"name":"(anonymous_9)","decl":{"start":{"line":221,"column":2},"end":{"line":221,"column":3}},"loc":{"start":{"line":221,"column":42},"end":{"line":233,"column":3}},"line":221}},"branchMap":{"0":{"loc":{"start":{"line":66,"column":6},"end":{"line":70,"column":7}},"type":"if","locations":[{"start":{"line":66,"column":6},"end":{"line":70,"column":7}},{"start":{"line":66,"column":6},"end":{"line":70,"column":7}}],"line":66},"1":{"loc":{"start":{"line":92,"column":6},"end":{"line":96,"column":7}},"type":"if","locations":[{"start":{"line":92,"column":6},"end":{"line":96,"column":7}},{"start":{"line":92,"column":6},"end":{"line":96,"column":7}}],"line":92},"2":{"loc":{"start":{"line":117,"column":6},"end":{"line":127,"column":7}},"type":"if","locations":[{"start":{"line":117,"column":6},"end":{"line":127,"column":7}},{"start":{"line":117,"column":6},"end":{"line":127,"column":7}}],"line":117},"3":{"loc":{"start":{"line":163,"column":6},"end":{"line":165,"column":7}},"type":"if","locations":[{"start":{"line":163,"column":6},"end":{"line":165,"column":7}},{"start":{"line":163,"column":6},"end":{"line":165,"column":7}}],"line":163},"4":{"loc":{"start":{"line":178,"column":6},"end":{"line":185,"column":7}},"type":"if","locations":[{"start":{"line":178,"column":6},"end":{"line":185,"column":7}},{"start":{"line":178,"column":6},"end":{"line":185,"column":7}}],"line":178},"5":{"loc":{"start":{"line":193,"column":6},"end":{"line":215,"column":7}},"type":"if","locations":[{"start":{"line":193,"column":6},"end":{"line":215,"column":7}},{"start":{"line":193,"column":6},"end":{"line":215,"column":7}}],"line":193},"6":{"loc":{"start":{"line":200,"column":8},"end":{"line":206,"column":9}},"type":"if","locations":[{"start":{"line":200,"column":8},"end":{"line":206,"column":9}},{"start":{"line":200,"column":8},"end":{"line":206,"column":9}}],"line":200},"7":{"loc":{"start":{"line":227,"column":6},"end":{"line":229,"column":7}},"type":"if","locations":[{"start":{"line":227,"column":6},"end":{"line":229,"column":7}},{"start":{"line":227,"column":6},"end":{"line":229,"column":7}}],"line":227}},"s":{"0":3,"1":3,"2":3,"3":3,"4":2,"5":2,"6":2,"7":0,"8":2,"9":2,"10":2,"11":2,"12":1,"13":1,"14":1,"15":2,"16":2,"17":2,"18":2,"19":1,"20":0,"21":1,"22":1,"23":2,"24":2,"25":2,"26":2,"27":1,"28":1,"29":1,"30":1,"31":0,"32":1,"33":1,"34":1,"35":1,"36":0,"37":2,"38":2,"39":2,"40":2,"41":1,"42":1,"43":1,"44":2,"45":2,"46":2,"47":2,"48":2,"49":1,"50":1,"51":1,"52":1,"53":1,"54":0,"55":2,"56":2,"57":1,"58":1,"59":0,"60":1,"61":0,"62":1,"63":1,"64":1,"65":0,"66":1,"67":1,"68":1,"69":1,"70":1,"71":0,"72":3},"f":{"0":2,"1":2,"2":2,"3":2,"4":1,"5":2,"6":2,"7":0,"8":0,"9":1},"b":{"0":[1,1],"1":[0,1],"2":[1,1],"3":[1,0],"4":[1,1],"5":[1,1],"6":[0,1],"7":[1,0]},"_coverageSchema":"1a1c01bbd47fc00a2c39e90264f33305004495a9","hash":"a373211af87993dd5400e620f682d6adb0c8cfeb"}
,"/home/jeplind/Desktop/phase3/finalproject/pet-adoption/controllers/users.js": {"path":"/home/jeplind/Desktop/phase3/finalproject/pet-adoption/controllers/users.js","statementMap":{"0":{"start":{"line":1,"column":25},"end":{"line":1,"column":51}},"1":{"start":{"line":2,"column":34},"end":{"line":2,"column":62}},"2":{"start":{"line":3,"column":35},"end":{"line":3,"column":60}},"3":{"start":{"line":4,"column":25},"end":{"line":4,"column":55}},"4":{"start":{"line":5,"column":19},"end":{"line":5,"column":42}},"5":{"start":{"line":7,"column":14},"end":{"line":7,"column":36}},"6":{"start":{"line":11,"column":4},"end":{"line":45,"column":5}},"7":{"start":{"line":12,"column":61},"end":{"line":12,"column":69}},"8":{"start":{"line":14,"column":6},"end":{"line":42,"column":7}},"9":{"start":{"line":15,"column":8},"end":{"line":15,"column":71}},"10":{"start":{"line":16,"column":13},"end":{"line":42,"column":7}},"11":{"start":{"line":17,"column":8},"end":{"line":17,"column":76}},"12":{"start":{"line":18,"column":13},"end":{"line":42,"column":7}},"13":{"start":{"line":19,"column":8},"end":{"line":19,"column":77}},"14":{"start":{"line":20,"column":13},"end":{"line":42,"column":7}},"15":{"start":{"line":21,"column":8},"end":{"line":21,"column":90}},"16":{"start":{"line":22,"column":13},"end":{"line":42,"column":7}},"17":{"start":{"line":23,"column":8},"end":{"line":23,"column":71}},"18":{"start":{"line":25,"column":23},"end":{"line":25,"column":59}},"19":{"start":{"line":26,"column":8},"end":{"line":41,"column":9}},"20":{"start":{"line":27,"column":10},"end":{"line":27,"column":66}},"21":{"start":{"line":29,"column":27},"end":{"line":35,"column":12}},"22":{"start":{"line":36,"column":10},"end":{"line":40,"column":12}},"23":{"start":{"line":44,"column":6},"end":{"line":44,"column":17}},"24":{"start":{"line":49,"column":4},"end":{"line":75,"column":5}},"25":{"start":{"line":50,"column":34},"end":{"line":50,"column":42}},"26":{"start":{"line":51,"column":22},"end":{"line":54,"column":7}},"27":{"start":{"line":55,"column":23},"end":{"line":55,"column":68}},"28":{"start":{"line":57,"column":6},"end":{"line":72,"column":7}},"29":{"start":{"line":58,"column":8},"end":{"line":58,"column":66}},"30":{"start":{"line":59,"column":13},"end":{"line":72,"column":7}},"31":{"start":{"line":60,"column":8},"end":{"line":60,"column":66}},"32":{"start":{"line":62,"column":29},"end":{"line":66,"column":10}},"33":{"start":{"line":68,"column":8},"end":{"line":71,"column":10}},"34":{"start":{"line":74,"column":6},"end":{"line":74,"column":17}},"35":{"start":{"line":128,"column":4},"end":{"line":147,"column":5}},"36":{"start":{"line":129,"column":51},"end":{"line":129,"column":59}},"37":{"start":{"line":130,"column":26},"end":{"line":138,"column":8}},"38":{"start":{"line":139,"column":6},"end":{"line":143,"column":7}},"39":{"start":{"line":140,"column":8},"end":{"line":142,"column":10}},"40":{"start":{"line":151,"column":0},"end":{"line":151,"column":32}}},"fnMap":{"0":{"name":"(anonymous_0)","decl":{"start":{"line":10,"column":2},"end":{"line":10,"column":3}},"loc":{"start":{"line":10,"column":40},"end":{"line":46,"column":3}},"line":10},"1":{"name":"(anonymous_1)","decl":{"start":{"line":48,"column":2},"end":{"line":48,"column":3}},"loc":{"start":{"line":48,"column":37},"end":{"line":76,"column":3}},"line":48},"2":{"name":"(anonymous_2)","decl":{"start":{"line":78,"column":2},"end":{"line":78,"column":3}},"loc":{"start":{"line":78,"column":44},"end":{"line":125,"column":3}},"line":78},"3":{"name":"(anonymous_3)","decl":{"start":{"line":127,"column":2},"end":{"line":127,"column":3}},"loc":{"start":{"line":127,"column":41},"end":{"line":148,"column":3}},"line":127}},"branchMap":{"0":{"loc":{"start":{"line":14,"column":6},"end":{"line":42,"column":7}},"type":"if","locations":[{"start":{"line":14,"column":6},"end":{"line":42,"column":7}},{"start":{"line":14,"column":6},"end":{"line":42,"column":7}}],"line":14},"1":{"loc":{"start":{"line":14,"column":10},"end":{"line":14,"column":104}},"type":"binary-expr","locations":[{"start":{"line":14,"column":10},"end":{"line":14,"column":27}},{"start":{"line":14,"column":31},"end":{"line":14,"column":45}},{"start":{"line":14,"column":49},"end":{"line":14,"column":66}},{"start":{"line":14,"column":70},"end":{"line":14,"column":86}},{"start":{"line":14,"column":90},"end":{"line":14,"column":104}}],"line":14},"2":{"loc":{"start":{"line":16,"column":13},"end":{"line":42,"column":7}},"type":"if","locations":[{"start":{"line":16,"column":13},"end":{"line":42,"column":7}},{"start":{"line":16,"column":13},"end":{"line":42,"column":7}}],"line":16},"3":{"loc":{"start":{"line":18,"column":13},"end":{"line":42,"column":7}},"type":"if","locations":[{"start":{"line":18,"column":13},"end":{"line":42,"column":7}},{"start":{"line":18,"column":13},"end":{"line":42,"column":7}}],"line":18},"4":{"loc":{"start":{"line":20,"column":13},"end":{"line":42,"column":7}},"type":"if","locations":[{"start":{"line":20,"column":13},"end":{"line":42,"column":7}},{"start":{"line":20,"column":13},"end":{"line":42,"column":7}}],"line":20},"5":{"loc":{"start":{"line":20,"column":17},"end":{"line":20,"column":50}},"type":"binary-expr","locations":[{"start":{"line":20,"column":17},"end":{"line":20,"column":34}},{"start":{"line":20,"column":38},"end":{"line":20,"column":50}}],"line":20},"6":{"loc":{"start":{"line":22,"column":13},"end":{"line":42,"column":7}},"type":"if","locations":[{"start":{"line":22,"column":13},"end":{"line":42,"column":7}},{"start":{"line":22,"column":13},"end":{"line":42,"column":7}}],"line":22},"7":{"loc":{"start":{"line":22,"column":17},"end":{"line":22,"column":63}},"type":"binary-expr","locations":[{"start":{"line":22,"column":17},"end":{"line":22,"column":29}},{"start":{"line":22,"column":33},"end":{"line":22,"column":47}},{"start":{"line":22,"column":51},"end":{"line":22,"column":63}}],"line":22},"8":{"loc":{"start":{"line":26,"column":8},"end":{"line":41,"column":9}},"type":"if","locations":[{"start":{"line":26,"column":8},"end":{"line":41,"column":9}},{"start":{"line":26,"column":8},"end":{"line":41,"column":9}}],"line":26},"9":{"loc":{"start":{"line":57,"column":6},"end":{"line":72,"column":7}},"type":"if","locations":[{"start":{"line":57,"column":6},"end":{"line":72,"column":7}},{"start":{"line":57,"column":6},"end":{"line":72,"column":7}}],"line":57},"10":{"loc":{"start":{"line":59,"column":13},"end":{"line":72,"column":7}},"type":"if","locations":[{"start":{"line":59,"column":13},"end":{"line":72,"column":7}},{"start":{"line":59,"column":13},"end":{"line":72,"column":7}}],"line":59},"11":{"loc":{"start":{"line":139,"column":6},"end":{"line":143,"column":7}},"type":"if","locations":[{"start":{"line":139,"column":6},"end":{"line":143,"column":7}},{"start":{"line":139,"column":6},"end":{"line":143,"column":7}}],"line":139}},"s":{"0":3,"1":3,"2":3,"3":3,"4":3,"5":3,"6":7,"7":7,"8":7,"9":1,"10":6,"11":1,"12":5,"13":1,"14":4,"15":1,"16":3,"17":1,"18":2,"19":2,"20":1,"21":1,"22":1,"23":6,"24":3,"25":3,"26":3,"27":3,"28":3,"29":1,"30":2,"31":1,"32":1,"33":1,"34":2,"35":1,"36":1,"37":1,"38":1,"39":1,"40":3},"f":{"0":7,"1":3,"2":0,"3":1},"b":{"0":[1,6],"1":[7,6,6,6,6],"2":[1,5],"3":[1,4],"4":[1,3],"5":[4,2],"6":[1,2],"7":[3,2,2],"8":[1,1],"9":[1,2],"10":[1,1],"11":[1,0]},"_coverageSchema":"1a1c01bbd47fc00a2c39e90264f33305004495a9","hash":"2a3670d113369da72b3e4631a065ba834aa46e81"}
,"/home/jeplind/Desktop/phase3/finalproject/pet-adoption/helpers/bcrypt.js": {"path":"/home/jeplind/Desktop/phase3/finalproject/pet-adoption/helpers/bcrypt.js","statementMap":{"0":{"start":{"line":1,"column":15},"end":{"line":1,"column":34}},"1":{"start":{"line":4,"column":17},"end":{"line":4,"column":42}},"2":{"start":{"line":5,"column":2},"end":{"line":5,"column":15}},"3":{"start":{"line":9,"column":14},"end":{"line":9,"column":44}},"4":{"start":{"line":10,"column":2},"end":{"line":10,"column":12}},"5":{"start":{"line":13,"column":0},"end":{"line":16,"column":1}}},"fnMap":{"0":{"name":"hashPassword","decl":{"start":{"line":3,"column":9},"end":{"line":3,"column":21}},"loc":{"start":{"line":3,"column":29},"end":{"line":6,"column":1}},"line":3},"1":{"name":"compare","decl":{"start":{"line":8,"column":9},"end":{"line":8,"column":16}},"loc":{"start":{"line":8,"column":30},"end":{"line":11,"column":1}},"line":8}},"branchMap":{},"s":{"0":3,"1":6,"2":6,"3":2,"4":2,"5":3},"f":{"0":6,"1":2},"b":{},"_coverageSchema":"1a1c01bbd47fc00a2c39e90264f33305004495a9","hash":"112f49ec6e63ba5e199504421f86a3d1dcca82b4"}
,"/home/jeplind/Desktop/phase3/finalproject/pet-adoption/helpers/jwt.js": {"path":"/home/jeplind/Desktop/phase3/finalproject/pet-adoption/helpers/jwt.js","statementMap":{"0":{"start":{"line":1,"column":12},"end":{"line":1,"column":35}},"1":{"start":{"line":4,"column":16},"end":{"line":4,"column":53}},"2":{"start":{"line":6,"column":2},"end":{"line":6,"column":14}},"3":{"start":{"line":10,"column":18},"end":{"line":10,"column":55}},"4":{"start":{"line":11,"column":2},"end":{"line":11,"column":16}},"5":{"start":{"line":14,"column":0},"end":{"line":17,"column":1}}},"fnMap":{"0":{"name":"signToken","decl":{"start":{"line":3,"column":9},"end":{"line":3,"column":18}},"loc":{"start":{"line":3,"column":29},"end":{"line":7,"column":1}},"line":3},"1":{"name":"verifyToken","decl":{"start":{"line":9,"column":9},"end":{"line":9,"column":20}},"loc":{"start":{"line":9,"column":29},"end":{"line":12,"column":1}},"line":9}},"branchMap":{},"s":{"0":3,"1":6,"2":6,"3":23,"4":22,"5":3},"f":{"0":6,"1":23},"b":{},"_coverageSchema":"1a1c01bbd47fc00a2c39e90264f33305004495a9","hash":"9ff807130f5369105831e919e8382fc67a4a4aad"}
,"/home/jeplind/Desktop/phase3/finalproject/pet-adoption/middlewares/auth.js": {"path":"/home/jeplind/Desktop/phase3/finalproject/pet-adoption/middlewares/auth.js","statementMap":{"0":{"start":{"line":1,"column":15},"end":{"line":1,"column":41}},"1":{"start":{"line":2,"column":21},"end":{"line":2,"column":39}},"2":{"start":{"line":3,"column":24},"end":{"line":3,"column":49}},"3":{"start":{"line":5,"column":14},"end":{"line":5,"column":36}},"4":{"start":{"line":6,"column":13},"end":{"line":6,"column":34}},"5":{"start":{"line":10,"column":4},"end":{"line":28,"column":5}},"6":{"start":{"line":11,"column":31},"end":{"line":11,"column":42}},"7":{"start":{"line":12,"column":6},"end":{"line":25,"column":7}},"8":{"start":{"line":13,"column":8},"end":{"line":13,"column":63}},"9":{"start":{"line":15,"column":23},"end":{"line":15,"column":48}},"10":{"start":{"line":16,"column":21},"end":{"line":18,"column":10}},"11":{"start":{"line":19,"column":8},"end":{"line":24,"column":9}},"12":{"start":{"line":20,"column":10},"end":{"line":20,"column":65}},"13":{"start":{"line":22,"column":10},"end":{"line":22,"column":35}},"14":{"start":{"line":23,"column":10},"end":{"line":23,"column":16}},"15":{"start":{"line":27,"column":6},"end":{"line":27,"column":17}},"16":{"start":{"line":32,"column":4},"end":{"line":47,"column":5}},"17":{"start":{"line":33,"column":17},"end":{"line":33,"column":30}},"18":{"start":{"line":34,"column":22},"end":{"line":34,"column":42}},"19":{"start":{"line":35,"column":18},"end":{"line":37,"column":8}},"20":{"start":{"line":38,"column":6},"end":{"line":44,"column":7}},"21":{"start":{"line":39,"column":8},"end":{"line":39,"column":58}},"22":{"start":{"line":40,"column":13},"end":{"line":44,"column":7}},"23":{"start":{"line":41,"column":8},"end":{"line":41,"column":56}},"24":{"start":{"line":43,"column":8},"end":{"line":43,"column":14}},"25":{"start":{"line":46,"column":6},"end":{"line":46,"column":17}},"26":{"start":{"line":52,"column":0},"end":{"line":52,"column":21}}},"fnMap":{"0":{"name":"(anonymous_0)","decl":{"start":{"line":9,"column":2},"end":{"line":9,"column":3}},"loc":{"start":{"line":9,"column":47},"end":{"line":29,"column":3}},"line":9},"1":{"name":"(anonymous_1)","decl":{"start":{"line":31,"column":2},"end":{"line":31,"column":3}},"loc":{"start":{"line":31,"column":46},"end":{"line":48,"column":3}},"line":31}},"branchMap":{"0":{"loc":{"start":{"line":12,"column":6},"end":{"line":25,"column":7}},"type":"if","locations":[{"start":{"line":12,"column":6},"end":{"line":25,"column":7}},{"start":{"line":12,"column":6},"end":{"line":25,"column":7}}],"line":12},"1":{"loc":{"start":{"line":19,"column":8},"end":{"line":24,"column":9}},"type":"if","locations":[{"start":{"line":19,"column":8},"end":{"line":24,"column":9}},{"start":{"line":19,"column":8},"end":{"line":24,"column":9}}],"line":19},"2":{"loc":{"start":{"line":38,"column":6},"end":{"line":44,"column":7}},"type":"if","locations":[{"start":{"line":38,"column":6},"end":{"line":44,"column":7}},{"start":{"line":38,"column":6},"end":{"line":44,"column":7}}],"line":38},"3":{"loc":{"start":{"line":40,"column":13},"end":{"line":44,"column":7}},"type":"if","locations":[{"start":{"line":40,"column":13},"end":{"line":44,"column":7}},{"start":{"line":40,"column":13},"end":{"line":44,"column":7}}],"line":40}},"s":{"0":3,"1":3,"2":3,"3":3,"4":3,"5":30,"6":30,"7":30,"8":7,"9":23,"10":22,"11":22,"12":1,"13":21,"14":21,"15":9,"16":9,"17":9,"18":9,"19":9,"20":9,"21":3,"22":6,"23":1,"24":5,"25":4,"26":3},"f":{"0":30,"1":9},"b":{"0":[7,23],"1":[1,21],"2":[3,6],"3":[1,5]},"_coverageSchema":"1a1c01bbd47fc00a2c39e90264f33305004495a9","hash":"549e078b6db2d224751b17bb6c0ba11433bf6177"}
,"/home/jeplind/Desktop/phase3/finalproject/pet-adoption/middlewares/error_handler.js": {"path":"/home/jeplind/Desktop/phase3/finalproject/pet-adoption/middlewares/error_handler.js","statementMap":{"0":{"start":{"line":2,"column":15},"end":{"line":2,"column":32}},"1":{"start":{"line":3,"column":16},"end":{"line":3,"column":54}},"2":{"start":{"line":5,"column":2},"end":{"line":8,"column":3}},"3":{"start":{"line":6,"column":4},"end":{"line":6,"column":16}},"4":{"start":{"line":7,"column":4},"end":{"line":7,"column":32}},"5":{"start":{"line":9,"column":2},"end":{"line":9,"column":38}},"6":{"start":{"line":12,"column":0},"end":{"line":12,"column":30}}},"fnMap":{"0":{"name":"error_handler","decl":{"start":{"line":1,"column":9},"end":{"line":1,"column":22}},"loc":{"start":{"line":1,"column":45},"end":{"line":10,"column":1}},"line":1}},"branchMap":{"0":{"loc":{"start":{"line":2,"column":15},"end":{"line":2,"column":32}},"type":"binary-expr","locations":[{"start":{"line":2,"column":15},"end":{"line":2,"column":25}},{"start":{"line":2,"column":29},"end":{"line":2,"column":32}}],"line":2},"1":{"loc":{"start":{"line":3,"column":16},"end":{"line":3,"column":54}},"type":"binary-expr","locations":[{"start":{"line":3,"column":16},"end":{"line":3,"column":27}},{"start":{"line":3,"column":31},"end":{"line":3,"column":54}}],"line":3},"2":{"loc":{"start":{"line":5,"column":2},"end":{"line":8,"column":3}},"type":"if","locations":[{"start":{"line":5,"column":2},"end":{"line":8,"column":3}},{"start":{"line":5,"column":2},"end":{"line":8,"column":3}}],"line":5}},"s":{"0":27,"1":27,"2":27,"3":2,"4":2,"5":27,"6":3},"f":{"0":27},"b":{"0":[27,3],"1":[27,0],"2":[2,25]},"_coverageSchema":"1a1c01bbd47fc00a2c39e90264f33305004495a9","hash":"3642b560c2fc87623a0533ccdfec75e673d7fcbd"}
,"/home/jeplind/Desktop/phase3/finalproject/pet-adoption/routes/favorite_route.js": {"path":"/home/jeplind/Desktop/phase3/finalproject/pet-adoption/routes/favorite_route.js","statementMap":{"0":{"start":{"line":1,"column":14},"end":{"line":1,"column":41}},"1":{"start":{"line":2,"column":22},"end":{"line":2,"column":56}},"2":{"start":{"line":3,"column":13},"end":{"line":3,"column":43}},"3":{"start":{"line":5,"column":0},"end":{"line":5,"column":30}},"4":{"start":{"line":6,"column":0},"end":{"line":6,"column":43}},"5":{"start":{"line":7,"column":0},"end":{"line":7,"column":44}},"6":{"start":{"line":8,"column":0},"end":{"line":8,"column":48}},"7":{"start":{"line":10,"column":0},"end":{"line":10,"column":22}}},"fnMap":{},"branchMap":{},"s":{"0":3,"1":3,"2":3,"3":3,"4":3,"5":3,"6":3,"7":3},"f":{},"b":{},"_coverageSchema":"1a1c01bbd47fc00a2c39e90264f33305004495a9","hash":"c789e0c9045f2e96318c2226d184ef7abef467b8"}
,"/home/jeplind/Desktop/phase3/finalproject/pet-adoption/routes/index.js": {"path":"/home/jeplind/Desktop/phase3/finalproject/pet-adoption/routes/index.js","statementMap":{"0":{"start":{"line":1,"column":15},"end":{"line":1,"column":42}},"1":{"start":{"line":2,"column":19},"end":{"line":2,"column":42}},"2":{"start":{"line":3,"column":19},"end":{"line":3,"column":42}},"3":{"start":{"line":4,"column":18},"end":{"line":4,"column":45}},"4":{"start":{"line":6,"column":0},"end":{"line":6,"column":27}},"5":{"start":{"line":7,"column":0},"end":{"line":7,"column":31}},"6":{"start":{"line":8,"column":0},"end":{"line":8,"column":35}},"7":{"start":{"line":10,"column":0},"end":{"line":10,"column":23}}},"fnMap":{},"branchMap":{},"s":{"0":3,"1":3,"2":3,"3":3,"4":3,"5":3,"6":3,"7":3},"f":{},"b":{},"_coverageSchema":"1a1c01bbd47fc00a2c39e90264f33305004495a9","hash":"5da5c35a2433f4a9fae1e83f1038465880817b07"}
,"/home/jeplind/Desktop/phase3/finalproject/pet-adoption/routes/pets_route.js": {"path":"/home/jeplind/Desktop/phase3/finalproject/pet-adoption/routes/pets_route.js","statementMap":{"0":{"start":{"line":1,"column":14},"end":{"line":1,"column":41}},"1":{"start":{"line":2,"column":22},"end":{"line":2,"column":52}},"2":{"start":{"line":3,"column":13},"end":{"line":3,"column":43}},"3":{"start":{"line":5,"column":0},"end":{"line":5,"column":37}},"4":{"start":{"line":6,"column":0},"end":{"line":6,"column":49}},"5":{"start":{"line":8,"column":0},"end":{"line":8,"column":30}},"6":{"start":{"line":9,"column":0},"end":{"line":9,"column":48}},"7":{"start":{"line":10,"column":0},"end":{"line":10,"column":37}},"8":{"start":{"line":11,"column":0},"end":{"line":11,"column":62}},"9":{"start":{"line":13,"column":0},"end":{"line":13,"column":37}},"10":{"start":{"line":14,"column":0},"end":{"line":14,"column":42}},"11":{"start":{"line":15,"column":0},"end":{"line":15,"column":43}},"12":{"start":{"line":16,"column":0},"end":{"line":16,"column":45}},"13":{"start":{"line":18,"column":0},"end":{"line":18,"column":22}}},"fnMap":{},"branchMap":{},"s":{"0":3,"1":3,"2":3,"3":3,"4":3,"5":3,"6":3,"7":3,"8":3,"9":3,"10":3,"11":3,"12":3,"13":3},"f":{},"b":{},"_coverageSchema":"1a1c01bbd47fc00a2c39e90264f33305004495a9","hash":"5ac3e2d3dd269523614496c681c8c028c5fa38bf"}
,"/home/jeplind/Desktop/phase3/finalproject/pet-adoption/routes/user_route.js": {"path":"/home/jeplind/Desktop/phase3/finalproject/pet-adoption/routes/user_route.js","statementMap":{"0":{"start":{"line":1,"column":14},"end":{"line":1,"column":41}},"1":{"start":{"line":2,"column":23},"end":{"line":2,"column":54}},"2":{"start":{"line":3,"column":13},"end":{"line":3,"column":43}},"3":{"start":{"line":5,"column":0},"end":{"line":5,"column":49}},"4":{"start":{"line":6,"column":0},"end":{"line":6,"column":43}},"5":{"start":{"line":7,"column":0},"end":{"line":7,"column":57}},"6":{"start":{"line":8,"column":0},"end":{"line":8,"column":69}},"7":{"start":{"line":10,"column":0},"end":{"line":10,"column":22}}},"fnMap":{},"branchMap":{},"s":{"0":3,"1":3,"2":3,"3":3,"4":3,"5":3,"6":3,"7":3},"f":{},"b":{},"_coverageSchema":"1a1c01bbd47fc00a2c39e90264f33305004495a9","hash":"c6dd52b3f682a9af53676c3297a4b894ea208161"}
}
