{"/home/jeplind/Desktop/phase3/finalproject/pet-adoption/app.js": {"path":"/home/jeplind/Desktop/phase3/finalproject/pet-adoption/app.js","statementMap":{"0":{"start":{"line":1,"column":0},"end":{"line":3,"column":1}},"1":{"start":{"line":2,"column":2},"end":{"line":2,"column":28}},"2":{"start":{"line":5,"column":16},"end":{"line":5,"column":34}},"3":{"start":{"line":6,"column":13},"end":{"line":6,"column":28}},"4":{"start":{"line":7,"column":15},"end":{"line":7,"column":40}},"5":{"start":{"line":8,"column":20},"end":{"line":8,"column":58}},"6":{"start":{"line":10,"column":12},"end":{"line":10,"column":21}},"7":{"start":{"line":11,"column":13},"end":{"line":11,"column":17}},"8":{"start":{"line":13,"column":0},"end":{"line":13,"column":15}},"9":{"start":{"line":14,"column":0},"end":{"line":14,"column":47}},"10":{"start":{"line":15,"column":0},"end":{"line":15,"column":23}},"11":{"start":{"line":16,"column":0},"end":{"line":16,"column":15}},"12":{"start":{"line":17,"column":0},"end":{"line":17,"column":20}},"13":{"start":{"line":21,"column":0},"end":{"line":21,"column":20}}},"fnMap":{},"branchMap":{"0":{"loc":{"start":{"line":1,"column":0},"end":{"line":3,"column":1}},"type":"if","locations":[{"start":{"line":1,"column":0},"end":{"line":3,"column":1}},{"start":{"line":1,"column":0},"end":{"line":3,"column":1}}],"line":1}},"s":{"0":3,"1":3,"2":3,"3":3,"4":3,"5":3,"6":3,"7":3,"8":3,"9":3,"10":3,"11":3,"12":3,"13":3},"f":{},"b":{"0":[3,0]},"_coverageSchema":"1a1c01bbd47fc00a2c39e90264f33305004495a9","hash":"dfaa78dace806c16eb063b435053ded0c9c531a5"}
,"/home/jeplind/Desktop/phase3/finalproject/pet-adoption/config/mongo.js": {"path":"/home/jeplind/Desktop/phase3/finalproject/pet-adoption/config/mongo.js","statementMap":{"0":{"start":{"line":1,"column":34},"end":{"line":1,"column":52}},"1":{"start":{"line":2,"column":12},"end":{"line":2,"column":39}},"2":{"start":{"line":4,"column":15},"end":{"line":4,"column":65}},"3":{"start":{"line":6,"column":16},"end":{"line":6,"column":50}},"4":{"start":{"line":6,"column":28},"end":{"line":6,"column":50}},"5":{"start":{"line":7,"column":0},"end":{"line":7,"column":9}},"6":{"start":{"line":11,"column":0},"end":{"line":15,"column":1}},"7":{"start":{"line":12,"column":2},"end":{"line":12,"column":36}},"8":{"start":{"line":14,"column":2},"end":{"line":14,"column":28}},"9":{"start":{"line":17,"column":0},"end":{"line":20,"column":1}}},"fnMap":{"0":{"name":"(anonymous_0)","decl":{"start":{"line":6,"column":16},"end":{"line":6,"column":17}},"loc":{"start":{"line":6,"column":28},"end":{"line":6,"column":50}},"line":6}},"branchMap":{"0":{"loc":{"start":{"line":11,"column":0},"end":{"line":15,"column":1}},"type":"if","locations":[{"start":{"line":11,"column":0},"end":{"line":15,"column":1}},{"start":{"line":11,"column":0},"end":{"line":15,"column":1}}],"line":11}},"s":{"0":3,"1":3,"2":3,"3":3,"4":3,"5":3,"6":3,"7":3,"8":0,"9":3},"f":{"0":3},"b":{"0":[3,0]},"_coverageSchema":"1a1c01bbd47fc00a2c39e90264f33305004495a9","hash":"ab5c51185a3b3c83471076a789226fab2874256b"}
,"/home/jeplind/Desktop/phase3/finalproject/pet-adoption/controllers/favorite.js": {"path":"/home/jeplind/Desktop/phase3/finalproject/pet-adoption/controllers/favorite.js","statementMap":{"0":{"start":{"line":1,"column":25},"end":{"line":1,"column":51}},"1":{"start":{"line":2,"column":19},"end":{"line":2,"column":45}},"2":{"start":{"line":3,"column":24},"end":{"line":3,"column":45}},"3":{"start":{"line":8,"column":4},"end":{"line":31,"column":5}},"4":{"start":{"line":9,"column":25},"end":{"line":9,"column":33}},"5":{"start":{"line":10,"column":6},"end":{"line":28,"column":7}},"6":{"start":{"line":11,"column":8},"end":{"line":11,"column":53}},"7":{"start":{"line":13,"column":27},"end":{"line":16,"column":10}},"8":{"start":{"line":17,"column":8},"end":{"line":27,"column":9}},"9":{"start":{"line":18,"column":27},"end":{"line":20,"column":12}},"10":{"start":{"line":21,"column":10},"end":{"line":24,"column":12}},"11":{"start":{"line":26,"column":10},"end":{"line":26,"column":67}},"12":{"start":{"line":30,"column":6},"end":{"line":30,"column":15}},"13":{"start":{"line":35,"column":4},"end":{"line":59,"column":5}},"14":{"start":{"line":36,"column":25},"end":{"line":55,"column":18}},"15":{"start":{"line":56,"column":6},"end":{"line":56,"column":38}},"16":{"start":{"line":58,"column":6},"end":{"line":58,"column":15}},"17":{"start":{"line":63,"column":4},"end":{"line":73,"column":5}},"18":{"start":{"line":64,"column":17},"end":{"line":64,"column":30}},"19":{"start":{"line":65,"column":24},"end":{"line":65,"column":73}},"20":{"start":{"line":66,"column":6},"end":{"line":70,"column":7}},"21":{"start":{"line":67,"column":8},"end":{"line":67,"column":80}},"22":{"start":{"line":69,"column":8},"end":{"line":69,"column":93}},"23":{"start":{"line":72,"column":6},"end":{"line":72,"column":15}},"24":{"start":{"line":77,"column":0},"end":{"line":77,"column":39}}},"fnMap":{"0":{"name":"(anonymous_0)","decl":{"start":{"line":7,"column":2},"end":{"line":7,"column":3}},"loc":{"start":{"line":7,"column":44},"end":{"line":32,"column":3}},"line":7},"1":{"name":"(anonymous_1)","decl":{"start":{"line":34,"column":2},"end":{"line":34,"column":3}},"loc":{"start":{"line":34,"column":46},"end":{"line":60,"column":3}},"line":34},"2":{"name":"(anonymous_2)","decl":{"start":{"line":62,"column":2},"end":{"line":62,"column":3}},"loc":{"start":{"line":62,"column":44},"end":{"line":74,"column":3}},"line":62}},"branchMap":{"0":{"loc":{"start":{"line":10,"column":6},"end":{"line":28,"column":7}},"type":"if","locations":[{"start":{"line":10,"column":6},"end":{"line":28,"column":7}},{"start":{"line":10,"column":6},"end":{"line":28,"column":7}}],"line":10},"1":{"loc":{"start":{"line":17,"column":8},"end":{"line":27,"column":9}},"type":"if","locations":[{"start":{"line":17,"column":8},"end":{"line":27,"column":9}},{"start":{"line":17,"column":8},"end":{"line":27,"column":9}}],"line":17},"2":{"loc":{"start":{"line":66,"column":6},"end":{"line":70,"column":7}},"type":"if","locations":[{"start":{"line":66,"column":6},"end":{"line":70,"column":7}},{"start":{"line":66,"column":6},"end":{"line":70,"column":7}}],"line":66}},"s":{"0":3,"1":3,"2":3,"3":2,"4":2,"5":2,"6":1,"7":1,"8":1,"9":1,"10":1,"11":0,"12":1,"13":1,"14":1,"15":1,"16":0,"17":1,"18":1,"19":1,"20":1,"21":1,"22":0,"23":0,"24":3},"f":{"0":2,"1":1,"2":1},"b":{"0":[1,1],"1":[1,0],"2":[1,0]},"_coverageSchema":"1a1c01bbd47fc00a2c39e90264f33305004495a9","hash":"5a86107346b7fba65c8fc5450c6df6389748b771"}
,"/home/jeplind/Desktop/phase3/finalproject/pet-adoption/controllers/pets.js": {"path":"/home/jeplind/Desktop/phase3/finalproject/pet-adoption/controllers/pets.js","statementMap":{"0":{"start":{"line":1,"column":15},"end":{"line":1,"column":41}},"1":{"start":{"line":2,"column":21},"end":{"line":2,"column":39}},"2":{"start":{"line":3,"column":87},"end":{"line":3,"column":119}},"3":{"start":{"line":5,"column":13},"end":{"line":5,"column":34}},"4":{"start":{"line":9,"column":4},"end":{"line":35,"column":5}},"5":{"start":{"line":10,"column":22},"end":{"line":30,"column":18}},"6":{"start":{"line":31,"column":6},"end":{"line":31,"column":35}},"7":{"start":{"line":34,"column":6},"end":{"line":34,"column":17}},"8":{"start":{"line":39,"column":4},"end":{"line":68,"column":5}},"9":{"start":{"line":40,"column":17},"end":{"line":40,"column":30}},"10":{"start":{"line":41,"column":18},"end":{"line":60,"column":18}},"11":{"start":{"line":61,"column":6},"end":{"line":65,"column":7}},"12":{"start":{"line":62,"column":8},"end":{"line":62,"column":36}},"13":{"start":{"line":64,"column":8},"end":{"line":64,"column":58}},"14":{"start":{"line":67,"column":6},"end":{"line":67,"column":17}},"15":{"start":{"line":72,"column":4},"end":{"line":94,"column":5}},"16":{"start":{"line":73,"column":19},"end":{"line":73,"column":35}},"17":{"start":{"line":74,"column":22},"end":{"line":85,"column":7}},"18":{"start":{"line":86,"column":21},"end":{"line":86,"column":50}},"19":{"start":{"line":87,"column":6},"end":{"line":91,"column":7}},"20":{"start":{"line":88,"column":8},"end":{"line":88,"column":59}},"21":{"start":{"line":90,"column":8},"end":{"line":90,"column":43}},"22":{"start":{"line":93,"column":6},"end":{"line":93,"column":17}},"23":{"start":{"line":98,"column":4},"end":{"line":125,"column":5}},"24":{"start":{"line":99,"column":49},"end":{"line":99,"column":57}},"25":{"start":{"line":100,"column":28},"end":{"line":111,"column":8}},"26":{"start":{"line":112,"column":6},"end":{"line":122,"column":7}},"27":{"start":{"line":113,"column":24},"end":{"line":113,"column":50}},"28":{"start":{"line":114,"column":8},"end":{"line":118,"column":10}},"29":{"start":{"line":119,"column":8},"end":{"line":119,"column":103}},"30":{"start":{"line":121,"column":8},"end":{"line":121,"column":58}},"31":{"start":{"line":124,"column":6},"end":{"line":124,"column":17}},"32":{"start":{"line":129,"column":4},"end":{"line":137,"column":5}},"33":{"start":{"line":130,"column":22},"end":{"line":130,"column":42}},"34":{"start":{"line":131,"column":24},"end":{"line":133,"column":18}},"35":{"start":{"line":134,"column":6},"end":{"line":134,"column":37}},"36":{"start":{"line":136,"column":6},"end":{"line":136,"column":17}},"37":{"start":{"line":141,"column":4},"end":{"line":165,"column":5}},"38":{"start":{"line":142,"column":17},"end":{"line":142,"column":30}},"39":{"start":{"line":143,"column":22},"end":{"line":150,"column":7}},"40":{"start":{"line":151,"column":21},"end":{"line":157,"column":8}},"41":{"start":{"line":158,"column":6},"end":{"line":162,"column":7}},"42":{"start":{"line":159,"column":8},"end":{"line":159,"column":42}},"43":{"start":{"line":161,"column":8},"end":{"line":161,"column":55}},"44":{"start":{"line":164,"column":6},"end":{"line":164,"column":17}},"45":{"start":{"line":169,"column":4},"end":{"line":212,"column":5}},"46":{"start":{"line":170,"column":17},"end":{"line":170,"column":30}},"47":{"start":{"line":171,"column":39},"end":{"line":171,"column":47}},"48":{"start":{"line":173,"column":22},"end":{"line":173,"column":24}},"49":{"start":{"line":175,"column":6},"end":{"line":182,"column":7}},"50":{"start":{"line":176,"column":8},"end":{"line":176,"column":31}},"51":{"start":{"line":177,"column":8},"end":{"line":177,"column":47}},"52":{"start":{"line":178,"column":8},"end":{"line":178,"column":28}},"53":{"start":{"line":180,"column":8},"end":{"line":180,"column":31}},"54":{"start":{"line":181,"column":8},"end":{"line":181,"column":106}},"55":{"start":{"line":181,"column":56},"end":{"line":181,"column":105}},"56":{"start":{"line":183,"column":21},"end":{"line":189,"column":8}},"57":{"start":{"line":190,"column":6},"end":{"line":209,"column":7}},"58":{"start":{"line":191,"column":8},"end":{"line":195,"column":10}},"59":{"start":{"line":196,"column":8},"end":{"line":200,"column":10}},"60":{"start":{"line":197,"column":51},"end":{"line":197,"column":100}},"61":{"start":{"line":201,"column":8},"end":{"line":201,"column":85}},"62":{"start":{"line":203,"column":8},"end":{"line":207,"column":10}},"63":{"start":{"line":208,"column":8},"end":{"line":208,"column":82}},"64":{"start":{"line":211,"column":6},"end":{"line":211,"column":17}},"65":{"start":{"line":216,"column":4},"end":{"line":228,"column":5}},"66":{"start":{"line":217,"column":17},"end":{"line":217,"column":30}},"67":{"start":{"line":218,"column":21},"end":{"line":220,"column":8}},"68":{"start":{"line":221,"column":6},"end":{"line":225,"column":7}},"69":{"start":{"line":222,"column":8},"end":{"line":222,"column":68}},"70":{"start":{"line":224,"column":8},"end":{"line":224,"column":58}},"71":{"start":{"line":227,"column":6},"end":{"line":227,"column":17}},"72":{"start":{"line":232,"column":0},"end":{"line":232,"column":30}}},"fnMap":{"0":{"name":"(anonymous_0)","decl":{"start":{"line":8,"column":2},"end":{"line":8,"column":3}},"loc":{"start":{"line":8,"column":40},"end":{"line":36,"column":3}},"line":8},"1":{"name":"(anonymous_1)","decl":{"start":{"line":38,"column":2},"end":{"line":38,"column":3}},"loc":{"start":{"line":38,"column":42},"end":{"line":69,"column":3}},"line":38},"2":{"name":"(anonymous_2)","decl":{"start":{"line":71,"column":2},"end":{"line":71,"column":3}},"loc":{"start":{"line":71,"column":39},"end":{"line":95,"column":3}},"line":71},"3":{"name":"(anonymous_3)","decl":{"start":{"line":97,"column":2},"end":{"line":97,"column":3}},"loc":{"start":{"line":97,"column":47},"end":{"line":126,"column":3}},"line":97},"4":{"name":"(anonymous_4)","decl":{"start":{"line":128,"column":2},"end":{"line":128,"column":3}},"loc":{"start":{"line":128,"column":45},"end":{"line":138,"column":3}},"line":128},"5":{"name":"(anonymous_5)","decl":{"start":{"line":140,"column":2},"end":{"line":140,"column":3}},"loc":{"start":{"line":140,"column":41},"end":{"line":166,"column":3}},"line":140},"6":{"name":"(anonymous_6)","decl":{"start":{"line":168,"column":2},"end":{"line":168,"column":3}},"loc":{"start":{"line":168,"column":41},"end":{"line":213,"column":3}},"line":168},"7":{"name":"(anonymous_7)","decl":{"start":{"line":181,"column":45},"end":{"line":181,"column":46}},"loc":{"start":{"line":181,"column":56},"end":{"line":181,"column":105}},"line":181},"8":{"name":"(anonymous_8)","decl":{"start":{"line":197,"column":40},"end":{"line":197,"column":41}},"loc":{"start":{"line":197,"column":51},"end":{"line":197,"column":100}},"line":197},"9":{"name":"(anonymous_9)","decl":{"start":{"line":215,"column":2},"end":{"line":215,"column":3}},"loc":{"start":{"line":215,"column":42},"end":{"line":229,"column":3}},"line":215}},"branchMap":{"0":{"loc":{"start":{"line":61,"column":6},"end":{"line":65,"column":7}},"type":"if","locations":[{"start":{"line":61,"column":6},"end":{"line":65,"column":7}},{"start":{"line":61,"column":6},"end":{"line":65,"column":7}}],"line":61},"1":{"loc":{"start":{"line":87,"column":6},"end":{"line":91,"column":7}},"type":"if","locations":[{"start":{"line":87,"column":6},"end":{"line":91,"column":7}},{"start":{"line":87,"column":6},"end":{"line":91,"column":7}}],"line":87},"2":{"loc":{"start":{"line":112,"column":6},"end":{"line":122,"column":7}},"type":"if","locations":[{"start":{"line":112,"column":6},"end":{"line":122,"column":7}},{"start":{"line":112,"column":6},"end":{"line":122,"column":7}}],"line":112},"3":{"loc":{"start":{"line":158,"column":6},"end":{"line":162,"column":7}},"type":"if","locations":[{"start":{"line":158,"column":6},"end":{"line":162,"column":7}},{"start":{"line":158,"column":6},"end":{"line":162,"column":7}}],"line":158},"4":{"loc":{"start":{"line":175,"column":6},"end":{"line":182,"column":7}},"type":"if","locations":[{"start":{"line":175,"column":6},"end":{"line":182,"column":7}},{"start":{"line":175,"column":6},"end":{"line":182,"column":7}}],"line":175},"5":{"loc":{"start":{"line":190,"column":6},"end":{"line":209,"column":7}},"type":"if","locations":[{"start":{"line":190,"column":6},"end":{"line":209,"column":7}},{"start":{"line":190,"column":6},"end":{"line":209,"column":7}}],"line":190},"6":{"loc":{"start":{"line":221,"column":6},"end":{"line":225,"column":7}},"type":"if","locations":[{"start":{"line":221,"column":6},"end":{"line":225,"column":7}},{"start":{"line":221,"column":6},"end":{"line":225,"column":7}}],"line":221}},"s":{"0":3,"1":3,"2":3,"3":3,"4":2,"5":2,"6":2,"7":0,"8":2,"9":2,"10":2,"11":2,"12":1,"13":1,"14":1,"15":2,"16":2,"17":2,"18":2,"19":1,"20":0,"21":1,"22":1,"23":0,"24":0,"25":0,"26":0,"27":0,"28":0,"29":0,"30":0,"31":0,"32":1,"33":1,"34":1,"35":1,"36":0,"37":2,"38":2,"39":2,"40":2,"41":1,"42":1,"43":0,"44":1,"45":2,"46":2,"47":2,"48":2,"49":2,"50":1,"51":1,"52":1,"53":1,"54":1,"55":0,"56":1,"57":1,"58":1,"59":1,"60":0,"61":0,"62":0,"63":0,"64":2,"65":1,"66":1,"67":1,"68":1,"69":1,"70":0,"71":0,"72":3},"f":{"0":2,"1":2,"2":2,"3":0,"4":1,"5":2,"6":2,"7":0,"8":0,"9":1},"b":{"0":[1,1],"1":[0,1],"2":[0,0],"3":[1,0],"4":[1,1],"5":[1,0],"6":[1,0]},"_coverageSchema":"1a1c01bbd47fc00a2c39e90264f33305004495a9","hash":"996ebbb742946676f7ed1a925df8cf00ce423f10"}
,"/home/jeplind/Desktop/phase3/finalproject/pet-adoption/controllers/users.js": {"path":"/home/jeplind/Desktop/phase3/finalproject/pet-adoption/controllers/users.js","statementMap":{"0":{"start":{"line":1,"column":15},"end":{"line":1,"column":41}},"1":{"start":{"line":2,"column":34},"end":{"line":2,"column":62}},"2":{"start":{"line":3,"column":22},"end":{"line":3,"column":47}},"3":{"start":{"line":4,"column":25},"end":{"line":4,"column":55}},"4":{"start":{"line":6,"column":14},"end":{"line":6,"column":36}},"5":{"start":{"line":10,"column":4},"end":{"line":44,"column":5}},"6":{"start":{"line":11,"column":61},"end":{"line":11,"column":69}},"7":{"start":{"line":13,"column":6},"end":{"line":41,"column":7}},"8":{"start":{"line":14,"column":8},"end":{"line":14,"column":71}},"9":{"start":{"line":15,"column":13},"end":{"line":41,"column":7}},"10":{"start":{"line":16,"column":8},"end":{"line":16,"column":76}},"11":{"start":{"line":17,"column":13},"end":{"line":41,"column":7}},"12":{"start":{"line":18,"column":8},"end":{"line":18,"column":77}},"13":{"start":{"line":19,"column":13},"end":{"line":41,"column":7}},"14":{"start":{"line":20,"column":8},"end":{"line":20,"column":85}},"15":{"start":{"line":21,"column":13},"end":{"line":41,"column":7}},"16":{"start":{"line":22,"column":8},"end":{"line":22,"column":71}},"17":{"start":{"line":24,"column":23},"end":{"line":24,"column":59}},"18":{"start":{"line":25,"column":8},"end":{"line":40,"column":9}},"19":{"start":{"line":26,"column":10},"end":{"line":26,"column":69}},"20":{"start":{"line":28,"column":27},"end":{"line":34,"column":12}},"21":{"start":{"line":35,"column":10},"end":{"line":39,"column":12}},"22":{"start":{"line":43,"column":6},"end":{"line":43,"column":17}},"23":{"start":{"line":48,"column":4},"end":{"line":74,"column":5}},"24":{"start":{"line":49,"column":34},"end":{"line":49,"column":42}},"25":{"start":{"line":50,"column":22},"end":{"line":53,"column":7}},"26":{"start":{"line":54,"column":23},"end":{"line":54,"column":68}},"27":{"start":{"line":56,"column":6},"end":{"line":71,"column":7}},"28":{"start":{"line":57,"column":8},"end":{"line":57,"column":66}},"29":{"start":{"line":58,"column":13},"end":{"line":71,"column":7}},"30":{"start":{"line":59,"column":8},"end":{"line":59,"column":66}},"31":{"start":{"line":61,"column":29},"end":{"line":65,"column":10}},"32":{"start":{"line":67,"column":8},"end":{"line":70,"column":10}},"33":{"start":{"line":73,"column":6},"end":{"line":73,"column":17}},"34":{"start":{"line":78,"column":4},"end":{"line":124,"column":5}},"35":{"start":{"line":79,"column":21},"end":{"line":79,"column":113}},"36":{"start":{"line":80,"column":30},"end":{"line":80,"column":38}},"37":{"start":{"line":81,"column":20},"end":{"line":84,"column":8}},"38":{"start":{"line":85,"column":22},"end":{"line":85,"column":40}},"39":{"start":{"line":86,"column":25},"end":{"line":88,"column":8}},"40":{"start":{"line":89,"column":6},"end":{"line":119,"column":7}},"41":{"start":{"line":90,"column":29},"end":{"line":94,"column":10}},"42":{"start":{"line":96,"column":8},"end":{"line":99,"column":10}},"43":{"start":{"line":101,"column":24},"end":{"line":107,"column":10}},"44":{"start":{"line":109,"column":29},"end":{"line":113,"column":10}},"45":{"start":{"line":115,"column":8},"end":{"line":118,"column":10}},"46":{"start":{"line":121,"column":6},"end":{"line":121,"column":37}},"47":{"start":{"line":123,"column":6},"end":{"line":123,"column":15}},"48":{"start":{"line":128,"column":0},"end":{"line":128,"column":32}}},"fnMap":{"0":{"name":"(anonymous_0)","decl":{"start":{"line":9,"column":2},"end":{"line":9,"column":3}},"loc":{"start":{"line":9,"column":40},"end":{"line":45,"column":3}},"line":9},"1":{"name":"(anonymous_1)","decl":{"start":{"line":47,"column":2},"end":{"line":47,"column":3}},"loc":{"start":{"line":47,"column":37},"end":{"line":75,"column":3}},"line":47},"2":{"name":"(anonymous_2)","decl":{"start":{"line":77,"column":2},"end":{"line":77,"column":3}},"loc":{"start":{"line":77,"column":44},"end":{"line":125,"column":3}},"line":77}},"branchMap":{"0":{"loc":{"start":{"line":13,"column":6},"end":{"line":41,"column":7}},"type":"if","locations":[{"start":{"line":13,"column":6},"end":{"line":41,"column":7}},{"start":{"line":13,"column":6},"end":{"line":41,"column":7}}],"line":13},"1":{"loc":{"start":{"line":13,"column":10},"end":{"line":13,"column":104}},"type":"binary-expr","locations":[{"start":{"line":13,"column":10},"end":{"line":13,"column":27}},{"start":{"line":13,"column":31},"end":{"line":13,"column":45}},{"start":{"line":13,"column":49},"end":{"line":13,"column":66}},{"start":{"line":13,"column":70},"end":{"line":13,"column":86}},{"start":{"line":13,"column":90},"end":{"line":13,"column":104}}],"line":13},"2":{"loc":{"start":{"line":15,"column":13},"end":{"line":41,"column":7}},"type":"if","locations":[{"start":{"line":15,"column":13},"end":{"line":41,"column":7}},{"start":{"line":15,"column":13},"end":{"line":41,"column":7}}],"line":15},"3":{"loc":{"start":{"line":17,"column":13},"end":{"line":41,"column":7}},"type":"if","locations":[{"start":{"line":17,"column":13},"end":{"line":41,"column":7}},{"start":{"line":17,"column":13},"end":{"line":41,"column":7}}],"line":17},"4":{"loc":{"start":{"line":19,"column":13},"end":{"line":41,"column":7}},"type":"if","locations":[{"start":{"line":19,"column":13},"end":{"line":41,"column":7}},{"start":{"line":19,"column":13},"end":{"line":41,"column":7}}],"line":19},"5":{"loc":{"start":{"line":19,"column":17},"end":{"line":19,"column":50}},"type":"binary-expr","locations":[{"start":{"line":19,"column":17},"end":{"line":19,"column":34}},{"start":{"line":19,"column":38},"end":{"line":19,"column":50}}],"line":19},"6":{"loc":{"start":{"line":21,"column":13},"end":{"line":41,"column":7}},"type":"if","locations":[{"start":{"line":21,"column":13},"end":{"line":41,"column":7}},{"start":{"line":21,"column":13},"end":{"line":41,"column":7}}],"line":21},"7":{"loc":{"start":{"line":21,"column":17},"end":{"line":21,"column":63}},"type":"binary-expr","locations":[{"start":{"line":21,"column":17},"end":{"line":21,"column":29}},{"start":{"line":21,"column":33},"end":{"line":21,"column":47}},{"start":{"line":21,"column":51},"end":{"line":21,"column":63}}],"line":21},"8":{"loc":{"start":{"line":25,"column":8},"end":{"line":40,"column":9}},"type":"if","locations":[{"start":{"line":25,"column":8},"end":{"line":40,"column":9}},{"start":{"line":25,"column":8},"end":{"line":40,"column":9}}],"line":25},"9":{"loc":{"start":{"line":56,"column":6},"end":{"line":71,"column":7}},"type":"if","locations":[{"start":{"line":56,"column":6},"end":{"line":71,"column":7}},{"start":{"line":56,"column":6},"end":{"line":71,"column":7}}],"line":56},"10":{"loc":{"start":{"line":58,"column":13},"end":{"line":71,"column":7}},"type":"if","locations":[{"start":{"line":58,"column":13},"end":{"line":71,"column":7}},{"start":{"line":58,"column":13},"end":{"line":71,"column":7}}],"line":58},"11":{"loc":{"start":{"line":89,"column":6},"end":{"line":119,"column":7}},"type":"if","locations":[{"start":{"line":89,"column":6},"end":{"line":119,"column":7}},{"start":{"line":89,"column":6},"end":{"line":119,"column":7}}],"line":89}},"s":{"0":3,"1":3,"2":3,"3":3,"4":3,"5":7,"6":7,"7":7,"8":1,"9":6,"10":1,"11":5,"12":1,"13":4,"14":1,"15":3,"16":1,"17":2,"18":2,"19":1,"20":1,"21":1,"22":6,"23":3,"24":3,"25":3,"26":3,"27":3,"28":1,"29":2,"30":1,"31":1,"32":1,"33":2,"34":0,"35":0,"36":0,"37":0,"38":0,"39":0,"40":0,"41":0,"42":0,"43":0,"44":0,"45":0,"46":0,"47":0,"48":3},"f":{"0":7,"1":3,"2":0},"b":{"0":[1,6],"1":[7,6,6,6,6],"2":[1,5],"3":[1,4],"4":[1,3],"5":[4,2],"6":[1,2],"7":[3,2,2],"8":[1,1],"9":[1,2],"10":[1,1],"11":[0,0]},"_coverageSchema":"1a1c01bbd47fc00a2c39e90264f33305004495a9","hash":"033f04559030b3ec3df3f6f8ad1d95d9227fde24"}
,"/home/jeplind/Desktop/phase3/finalproject/pet-adoption/helpers/bcrypt.js": {"path":"/home/jeplind/Desktop/phase3/finalproject/pet-adoption/helpers/bcrypt.js","statementMap":{"0":{"start":{"line":1,"column":15},"end":{"line":1,"column":34}},"1":{"start":{"line":4,"column":17},"end":{"line":4,"column":42}},"2":{"start":{"line":5,"column":2},"end":{"line":5,"column":15}},"3":{"start":{"line":9,"column":14},"end":{"line":9,"column":44}},"4":{"start":{"line":10,"column":2},"end":{"line":10,"column":12}},"5":{"start":{"line":13,"column":0},"end":{"line":16,"column":1}}},"fnMap":{"0":{"name":"hashPassword","decl":{"start":{"line":3,"column":9},"end":{"line":3,"column":21}},"loc":{"start":{"line":3,"column":29},"end":{"line":6,"column":1}},"line":3},"1":{"name":"compare","decl":{"start":{"line":8,"column":9},"end":{"line":8,"column":16}},"loc":{"start":{"line":8,"column":30},"end":{"line":11,"column":1}},"line":8}},"branchMap":{},"s":{"0":3,"1":3,"2":3,"3":2,"4":2,"5":3},"f":{"0":3,"1":2},"b":{},"_coverageSchema":"1a1c01bbd47fc00a2c39e90264f33305004495a9","hash":"112f49ec6e63ba5e199504421f86a3d1dcca82b4"}
,"/home/jeplind/Desktop/phase3/finalproject/pet-adoption/helpers/jwt.js": {"path":"/home/jeplind/Desktop/phase3/finalproject/pet-adoption/helpers/jwt.js","statementMap":{"0":{"start":{"line":1,"column":12},"end":{"line":1,"column":35}},"1":{"start":{"line":4,"column":16},"end":{"line":4,"column":53}},"2":{"start":{"line":6,"column":2},"end":{"line":6,"column":14}},"3":{"start":{"line":10,"column":18},"end":{"line":10,"column":55}},"4":{"start":{"line":11,"column":2},"end":{"line":11,"column":16}},"5":{"start":{"line":14,"column":0},"end":{"line":17,"column":1}}},"fnMap":{"0":{"name":"signToken","decl":{"start":{"line":3,"column":9},"end":{"line":3,"column":18}},"loc":{"start":{"line":3,"column":29},"end":{"line":7,"column":1}},"line":3},"1":{"name":"verifyToken","decl":{"start":{"line":9,"column":9},"end":{"line":9,"column":20}},"loc":{"start":{"line":9,"column":29},"end":{"line":12,"column":1}},"line":9}},"branchMap":{},"s":{"0":3,"1":3,"2":3,"3":16,"4":15,"5":3},"f":{"0":3,"1":16},"b":{},"_coverageSchema":"1a1c01bbd47fc00a2c39e90264f33305004495a9","hash":"9ff807130f5369105831e919e8382fc67a4a4aad"}
,"/home/jeplind/Desktop/phase3/finalproject/pet-adoption/helpers/nodemailer.js": {"path":"/home/jeplind/Desktop/phase3/finalproject/pet-adoption/helpers/nodemailer.js","statementMap":{"0":{"start":{"line":1,"column":19},"end":{"line":1,"column":40}},"1":{"start":{"line":3,"column":20},"end":{"line":9,"column":2}},"2":{"start":{"line":12,"column":40},"end":{"line":12,"column":47}},"3":{"start":{"line":13,"column":2},"end":{"line":15,"column":3}},"4":{"start":{"line":14,"column":4},"end":{"line":14,"column":53}},"5":{"start":{"line":14,"column":40},"end":{"line":14,"column":52}},"6":{"start":{"line":16,"column":22},"end":{"line":21,"column":3}},"7":{"start":{"line":23,"column":2},"end":{"line":29,"column":4}},"8":{"start":{"line":24,"column":4},"end":{"line":28,"column":5}},"9":{"start":{"line":25,"column":6},"end":{"line":25,"column":23}},"10":{"start":{"line":27,"column":6},"end":{"line":27,"column":29}},"11":{"start":{"line":33,"column":2},"end":{"line":100,"column":3}},"12":{"start":{"line":104,"column":2},"end":{"line":119,"column":3}},"13":{"start":{"line":123,"column":2},"end":{"line":138,"column":3}},"14":{"start":{"line":141,"column":0},"end":{"line":146,"column":1}}},"fnMap":{"0":{"name":"sendMail","decl":{"start":{"line":11,"column":9},"end":{"line":11,"column":17}},"loc":{"start":{"line":11,"column":28},"end":{"line":30,"column":1}},"line":11},"1":{"name":"(anonymous_1)","decl":{"start":{"line":14,"column":30},"end":{"line":14,"column":31}},"loc":{"start":{"line":14,"column":40},"end":{"line":14,"column":52}},"line":14},"2":{"name":"(anonymous_2)","decl":{"start":{"line":23,"column":36},"end":{"line":23,"column":37}},"loc":{"start":{"line":23,"column":56},"end":{"line":29,"column":3}},"line":23},"3":{"name":"generateMessage","decl":{"start":{"line":32,"column":9},"end":{"line":32,"column":24}},"loc":{"start":{"line":32,"column":37},"end":{"line":101,"column":1}},"line":32},"4":{"name":"generateMessageApproval","decl":{"start":{"line":103,"column":9},"end":{"line":103,"column":32}},"loc":{"start":{"line":103,"column":58},"end":{"line":120,"column":1}},"line":103},"5":{"name":"generateMessageDecline","decl":{"start":{"line":122,"column":9},"end":{"line":122,"column":31}},"loc":{"start":{"line":122,"column":57},"end":{"line":139,"column":1}},"line":122}},"branchMap":{"0":{"loc":{"start":{"line":13,"column":2},"end":{"line":15,"column":3}},"type":"if","locations":[{"start":{"line":13,"column":2},"end":{"line":15,"column":3}},{"start":{"line":13,"column":2},"end":{"line":15,"column":3}}],"line":13},"1":{"loc":{"start":{"line":24,"column":4},"end":{"line":28,"column":5}},"type":"if","locations":[{"start":{"line":24,"column":4},"end":{"line":28,"column":5}},{"start":{"line":24,"column":4},"end":{"line":28,"column":5}}],"line":24}},"s":{"0":3,"1":3,"2":1,"3":1,"4":0,"5":0,"6":1,"7":1,"8":0,"9":0,"10":0,"11":0,"12":1,"13":0,"14":3},"f":{"0":1,"1":0,"2":0,"3":0,"4":1,"5":0},"b":{"0":[0,1],"1":[0,0]},"_coverageSchema":"1a1c01bbd47fc00a2c39e90264f33305004495a9","hash":"1ef9aeb394261b839989f0d453a2f6884cc045ec"}
,"/home/jeplind/Desktop/phase3/finalproject/pet-adoption/middlewares/auth.js": {"path":"/home/jeplind/Desktop/phase3/finalproject/pet-adoption/middlewares/auth.js","statementMap":{"0":{"start":{"line":1,"column":15},"end":{"line":1,"column":41}},"1":{"start":{"line":2,"column":21},"end":{"line":2,"column":39}},"2":{"start":{"line":3,"column":24},"end":{"line":3,"column":49}},"3":{"start":{"line":5,"column":14},"end":{"line":5,"column":36}},"4":{"start":{"line":6,"column":13},"end":{"line":6,"column":34}},"5":{"start":{"line":10,"column":4},"end":{"line":28,"column":5}},"6":{"start":{"line":11,"column":31},"end":{"line":11,"column":42}},"7":{"start":{"line":12,"column":6},"end":{"line":25,"column":7}},"8":{"start":{"line":13,"column":8},"end":{"line":13,"column":63}},"9":{"start":{"line":15,"column":23},"end":{"line":15,"column":48}},"10":{"start":{"line":16,"column":21},"end":{"line":18,"column":10}},"11":{"start":{"line":19,"column":8},"end":{"line":24,"column":9}},"12":{"start":{"line":20,"column":10},"end":{"line":20,"column":65}},"13":{"start":{"line":22,"column":10},"end":{"line":22,"column":35}},"14":{"start":{"line":23,"column":10},"end":{"line":23,"column":16}},"15":{"start":{"line":27,"column":6},"end":{"line":27,"column":17}},"16":{"start":{"line":32,"column":4},"end":{"line":49,"column":5}},"17":{"start":{"line":33,"column":17},"end":{"line":33,"column":30}},"18":{"start":{"line":34,"column":22},"end":{"line":34,"column":42}},"19":{"start":{"line":35,"column":18},"end":{"line":37,"column":8}},"20":{"start":{"line":38,"column":6},"end":{"line":46,"column":7}},"21":{"start":{"line":39,"column":8},"end":{"line":39,"column":58}},"22":{"start":{"line":40,"column":13},"end":{"line":46,"column":7}},"23":{"start":{"line":41,"column":8},"end":{"line":41,"column":33}},"24":{"start":{"line":42,"column":8},"end":{"line":42,"column":29}},"25":{"start":{"line":43,"column":8},"end":{"line":43,"column":56}},"26":{"start":{"line":45,"column":8},"end":{"line":45,"column":14}},"27":{"start":{"line":48,"column":6},"end":{"line":48,"column":17}},"28":{"start":{"line":54,"column":0},"end":{"line":54,"column":21}}},"fnMap":{"0":{"name":"(anonymous_0)","decl":{"start":{"line":9,"column":2},"end":{"line":9,"column":3}},"loc":{"start":{"line":9,"column":47},"end":{"line":29,"column":3}},"line":9},"1":{"name":"(anonymous_1)","decl":{"start":{"line":31,"column":2},"end":{"line":31,"column":3}},"loc":{"start":{"line":31,"column":46},"end":{"line":50,"column":3}},"line":31}},"branchMap":{"0":{"loc":{"start":{"line":12,"column":6},"end":{"line":25,"column":7}},"type":"if","locations":[{"start":{"line":12,"column":6},"end":{"line":25,"column":7}},{"start":{"line":12,"column":6},"end":{"line":25,"column":7}}],"line":12},"1":{"loc":{"start":{"line":19,"column":8},"end":{"line":24,"column":9}},"type":"if","locations":[{"start":{"line":19,"column":8},"end":{"line":24,"column":9}},{"start":{"line":19,"column":8},"end":{"line":24,"column":9}}],"line":19},"2":{"loc":{"start":{"line":38,"column":6},"end":{"line":46,"column":7}},"type":"if","locations":[{"start":{"line":38,"column":6},"end":{"line":46,"column":7}},{"start":{"line":38,"column":6},"end":{"line":46,"column":7}}],"line":38},"3":{"loc":{"start":{"line":40,"column":13},"end":{"line":46,"column":7}},"type":"if","locations":[{"start":{"line":40,"column":13},"end":{"line":46,"column":7}},{"start":{"line":40,"column":13},"end":{"line":46,"column":7}}],"line":40}},"s":{"0":3,"1":3,"2":3,"3":3,"4":3,"5":21,"6":21,"7":21,"8":5,"9":16,"10":15,"11":15,"12":0,"13":15,"14":15,"15":6,"16":8,"17":8,"18":8,"19":8,"20":8,"21":3,"22":5,"23":0,"24":0,"25":0,"26":5,"27":3,"28":3},"f":{"0":21,"1":8},"b":{"0":[5,16],"1":[0,15],"2":[3,5],"3":[0,5]},"_coverageSchema":"1a1c01bbd47fc00a2c39e90264f33305004495a9","hash":"5969e93f1b35771430c4d2e5bb89dc5986317572"}
,"/home/jeplind/Desktop/phase3/finalproject/pet-adoption/middlewares/error_handler.js": {"path":"/home/jeplind/Desktop/phase3/finalproject/pet-adoption/middlewares/error_handler.js","statementMap":{"0":{"start":{"line":2,"column":15},"end":{"line":2,"column":32}},"1":{"start":{"line":3,"column":16},"end":{"line":3,"column":54}},"2":{"start":{"line":5,"column":2},"end":{"line":8,"column":3}},"3":{"start":{"line":6,"column":4},"end":{"line":6,"column":16}},"4":{"start":{"line":7,"column":4},"end":{"line":7,"column":32}},"5":{"start":{"line":9,"column":2},"end":{"line":9,"column":38}},"6":{"start":{"line":12,"column":0},"end":{"line":12,"column":30}}},"fnMap":{"0":{"name":"error_handler","decl":{"start":{"line":1,"column":9},"end":{"line":1,"column":22}},"loc":{"start":{"line":1,"column":45},"end":{"line":10,"column":1}},"line":1}},"branchMap":{"0":{"loc":{"start":{"line":2,"column":15},"end":{"line":2,"column":32}},"type":"binary-expr","locations":[{"start":{"line":2,"column":15},"end":{"line":2,"column":25}},{"start":{"line":2,"column":29},"end":{"line":2,"column":32}}],"line":2},"1":{"loc":{"start":{"line":3,"column":16},"end":{"line":3,"column":54}},"type":"binary-expr","locations":[{"start":{"line":3,"column":16},"end":{"line":3,"column":27}},{"start":{"line":3,"column":31},"end":{"line":3,"column":54}}],"line":3},"2":{"loc":{"start":{"line":5,"column":2},"end":{"line":8,"column":3}},"type":"if","locations":[{"start":{"line":5,"column":2},"end":{"line":8,"column":3}},{"start":{"line":5,"column":2},"end":{"line":8,"column":3}}],"line":5}},"s":{"0":23,"1":23,"2":23,"3":2,"4":2,"5":23,"6":3},"f":{"0":23},"b":{"0":[23,5],"1":[23,0],"2":[2,21]},"_coverageSchema":"1a1c01bbd47fc00a2c39e90264f33305004495a9","hash":"3642b560c2fc87623a0533ccdfec75e673d7fcbd"}
,"/home/jeplind/Desktop/phase3/finalproject/pet-adoption/routes/favorite_route.js": {"path":"/home/jeplind/Desktop/phase3/finalproject/pet-adoption/routes/favorite_route.js","statementMap":{"0":{"start":{"line":1,"column":14},"end":{"line":1,"column":41}},"1":{"start":{"line":2,"column":22},"end":{"line":2,"column":56}},"2":{"start":{"line":3,"column":13},"end":{"line":3,"column":43}},"3":{"start":{"line":5,"column":0},"end":{"line":5,"column":30}},"4":{"start":{"line":6,"column":0},"end":{"line":6,"column":43}},"5":{"start":{"line":7,"column":0},"end":{"line":7,"column":44}},"6":{"start":{"line":8,"column":0},"end":{"line":8,"column":48}},"7":{"start":{"line":10,"column":0},"end":{"line":10,"column":22}}},"fnMap":{},"branchMap":{},"s":{"0":3,"1":3,"2":3,"3":3,"4":3,"5":3,"6":3,"7":3},"f":{},"b":{},"_coverageSchema":"1a1c01bbd47fc00a2c39e90264f33305004495a9","hash":"c789e0c9045f2e96318c2226d184ef7abef467b8"}
,"/home/jeplind/Desktop/phase3/finalproject/pet-adoption/routes/index.js": {"path":"/home/jeplind/Desktop/phase3/finalproject/pet-adoption/routes/index.js","statementMap":{"0":{"start":{"line":1,"column":15},"end":{"line":1,"column":42}},"1":{"start":{"line":2,"column":19},"end":{"line":2,"column":42}},"2":{"start":{"line":3,"column":19},"end":{"line":3,"column":42}},"3":{"start":{"line":4,"column":18},"end":{"line":4,"column":45}},"4":{"start":{"line":6,"column":0},"end":{"line":6,"column":27}},"5":{"start":{"line":7,"column":0},"end":{"line":7,"column":31}},"6":{"start":{"line":8,"column":0},"end":{"line":8,"column":35}},"7":{"start":{"line":10,"column":0},"end":{"line":10,"column":23}}},"fnMap":{},"branchMap":{},"s":{"0":3,"1":3,"2":3,"3":3,"4":3,"5":3,"6":3,"7":3},"f":{},"b":{},"_coverageSchema":"1a1c01bbd47fc00a2c39e90264f33305004495a9","hash":"5da5c35a2433f4a9fae1e83f1038465880817b07"}
,"/home/jeplind/Desktop/phase3/finalproject/pet-adoption/routes/pets_route.js": {"path":"/home/jeplind/Desktop/phase3/finalproject/pet-adoption/routes/pets_route.js","statementMap":{"0":{"start":{"line":1,"column":14},"end":{"line":1,"column":41}},"1":{"start":{"line":2,"column":22},"end":{"line":2,"column":52}},"2":{"start":{"line":3,"column":13},"end":{"line":3,"column":43}},"3":{"start":{"line":5,"column":0},"end":{"line":5,"column":37}},"4":{"start":{"line":6,"column":0},"end":{"line":6,"column":49}},"5":{"start":{"line":8,"column":0},"end":{"line":8,"column":30}},"6":{"start":{"line":9,"column":0},"end":{"line":9,"column":48}},"7":{"start":{"line":10,"column":0},"end":{"line":10,"column":37}},"8":{"start":{"line":11,"column":0},"end":{"line":11,"column":62}},"9":{"start":{"line":13,"column":0},"end":{"line":13,"column":37}},"10":{"start":{"line":14,"column":0},"end":{"line":14,"column":42}},"11":{"start":{"line":15,"column":0},"end":{"line":15,"column":43}},"12":{"start":{"line":16,"column":0},"end":{"line":16,"column":45}},"13":{"start":{"line":18,"column":0},"end":{"line":18,"column":22}}},"fnMap":{},"branchMap":{},"s":{"0":3,"1":3,"2":3,"3":3,"4":3,"5":3,"6":3,"7":3,"8":3,"9":3,"10":3,"11":3,"12":3,"13":3},"f":{},"b":{},"_coverageSchema":"1a1c01bbd47fc00a2c39e90264f33305004495a9","hash":"5ac3e2d3dd269523614496c681c8c028c5fa38bf"}
,"/home/jeplind/Desktop/phase3/finalproject/pet-adoption/routes/user_route.js": {"path":"/home/jeplind/Desktop/phase3/finalproject/pet-adoption/routes/user_route.js","statementMap":{"0":{"start":{"line":1,"column":14},"end":{"line":1,"column":41}},"1":{"start":{"line":2,"column":23},"end":{"line":2,"column":54}},"2":{"start":{"line":4,"column":0},"end":{"line":4,"column":49}},"3":{"start":{"line":5,"column":0},"end":{"line":5,"column":43}},"4":{"start":{"line":6,"column":0},"end":{"line":6,"column":56}},"5":{"start":{"line":8,"column":0},"end":{"line":8,"column":22}}},"fnMap":{},"branchMap":{},"s":{"0":3,"1":3,"2":3,"3":3,"4":3,"5":3},"f":{},"b":{},"_coverageSchema":"1a1c01bbd47fc00a2c39e90264f33305004495a9","hash":"80a1b64b7afabbd6233cb88cf393d72dd7e1b69a"}
}
