TN:
SF:app.js
FNF:0
FNH:0
DA:1,3
DA:2,3
DA:5,3
DA:6,3
DA:7,3
DA:8,3
DA:10,3
DA:11,3
DA:13,3
DA:14,3
DA:15,3
DA:16,3
DA:17,3
DA:21,3
LF:14
LH:14
BRDA:1,0,0,3
BRDA:1,0,1,0
BRF:2
BRH:1
end_of_record
TN:
SF:config/mongo.js
FN:6,(anonymous_0)
FNF:1
FNH:1
FNDA:3,(anonymous_0)
DA:1,3
DA:2,3
DA:4,3
DA:6,3
DA:7,3
DA:11,3
DA:12,3
DA:14,0
DA:17,3
LF:9
LH:8
BRDA:11,0,0,3
BRDA:11,0,1,0
BRF:2
BRH:1
end_of_record
TN:
SF:controllers/favorite.js
FN:7,(anonymous_0)
FN:34,(anonymous_1)
FN:62,(anonymous_2)
FNF:3
FNH:3
FNDA:2,(anonymous_0)
FNDA:1,(anonymous_1)
FNDA:1,(anonymous_2)
DA:1,3
DA:2,3
DA:3,3
DA:8,2
DA:9,2
DA:10,2
DA:11,1
DA:13,1
DA:17,1
DA:18,1
DA:21,1
DA:26,0
DA:30,1
DA:35,1
DA:36,1
DA:56,1
DA:58,0
DA:63,1
DA:64,1
DA:65,1
DA:66,1
DA:67,1
DA:69,0
DA:72,0
DA:77,3
LF:25
LH:21
BRDA:10,0,0,1
BRDA:10,0,1,1
BRDA:17,1,0,1
BRDA:17,1,1,0
BRDA:66,2,0,1
BRDA:66,2,1,0
BRF:6
BRH:4
end_of_record
TN:
SF:controllers/pets.js
FN:8,(anonymous_0)
FN:38,(anonymous_1)
FN:71,(anonymous_2)
FN:97,(anonymous_3)
FN:128,(anonymous_4)
FN:140,(anonymous_5)
FN:168,(anonymous_6)
FN:181,(anonymous_7)
FN:197,(anonymous_8)
FN:215,(anonymous_9)
FNF:10
FNH:7
FNDA:2,(anonymous_0)
FNDA:2,(anonymous_1)
FNDA:2,(anonymous_2)
FNDA:0,(anonymous_3)
FNDA:1,(anonymous_4)
FNDA:2,(anonymous_5)
FNDA:2,(anonymous_6)
FNDA:0,(anonymous_7)
FNDA:0,(anonymous_8)
FNDA:1,(anonymous_9)
DA:1,3
DA:2,3
DA:3,3
DA:5,3
DA:9,2
DA:10,2
DA:31,2
DA:34,0
DA:39,2
DA:40,2
DA:41,2
DA:61,2
DA:62,1
DA:64,1
DA:67,1
DA:72,2
DA:73,2
DA:74,2
DA:86,2
DA:87,1
DA:88,0
DA:90,1
DA:93,1
DA:98,0
DA:99,0
DA:100,0
DA:112,0
DA:113,0
DA:114,0
DA:119,0
DA:121,0
DA:124,0
DA:129,1
DA:130,1
DA:131,1
DA:134,1
DA:136,0
DA:141,2
DA:142,2
DA:143,2
DA:151,2
DA:158,1
DA:159,1
DA:161,0
DA:164,1
DA:169,2
DA:170,2
DA:171,2
DA:173,2
DA:175,2
DA:176,1
DA:177,1
DA:178,1
DA:180,1
DA:181,1
DA:183,1
DA:190,1
DA:191,1
DA:196,1
DA:197,0
DA:201,0
DA:203,0
DA:208,0
DA:211,2
DA:216,1
DA:217,1
DA:218,1
DA:221,1
DA:222,1
DA:224,0
DA:227,0
DA:232,3
LF:72
LH:53
BRDA:61,0,0,1
BRDA:61,0,1,1
BRDA:87,1,0,0
BRDA:87,1,1,1
BRDA:112,2,0,0
BRDA:112,2,1,0
BRDA:158,3,0,1
BRDA:158,3,1,0
BRDA:175,4,0,1
BRDA:175,4,1,1
BRDA:190,5,0,1
BRDA:190,5,1,0
BRDA:221,6,0,1
BRDA:221,6,1,0
BRF:14
BRH:8
end_of_record
TN:
SF:controllers/users.js
FN:9,(anonymous_0)
FN:47,(anonymous_1)
FN:77,(anonymous_2)
FNF:3
FNH:2
FNDA:7,(anonymous_0)
FNDA:3,(anonymous_1)
FNDA:0,(anonymous_2)
DA:1,3
DA:2,3
DA:3,3
DA:4,3
DA:6,3
DA:10,7
DA:11,7
DA:13,7
DA:14,1
DA:15,6
DA:16,1
DA:17,5
DA:18,1
DA:19,4
DA:20,1
DA:21,3
DA:22,1
DA:24,2
DA:25,2
DA:26,1
DA:28,1
DA:35,1
DA:43,6
DA:48,3
DA:49,3
DA:50,3
DA:54,3
DA:56,3
DA:57,1
DA:58,2
DA:59,1
DA:61,1
DA:67,1
DA:73,2
DA:78,0
DA:79,0
DA:80,0
DA:81,0
DA:85,0
DA:86,0
DA:89,0
DA:90,0
DA:96,0
DA:101,0
DA:109,0
DA:115,0
DA:121,0
DA:123,0
DA:128,3
LF:49
LH:35
BRDA:13,0,0,1
BRDA:13,0,1,6
BRDA:13,1,0,7
BRDA:13,1,1,6
BRDA:13,1,2,6
BRDA:13,1,3,6
BRDA:13,1,4,6
BRDA:15,2,0,1
BRDA:15,2,1,5
BRDA:17,3,0,1
BRDA:17,3,1,4
BRDA:19,4,0,1
BRDA:19,4,1,3
BRDA:19,5,0,4
BRDA:19,5,1,2
BRDA:21,6,0,1
BRDA:21,6,1,2
BRDA:21,7,0,3
BRDA:21,7,1,2
BRDA:21,7,2,2
BRDA:25,8,0,1
BRDA:25,8,1,1
BRDA:56,9,0,1
BRDA:56,9,1,2
BRDA:58,10,0,1
BRDA:58,10,1,1
BRDA:89,11,0,0
BRDA:89,11,1,0
BRF:28
BRH:26
end_of_record
TN:
SF:helpers/bcrypt.js
FN:3,hashPassword
FN:8,compare
FNF:2
FNH:2
FNDA:3,hashPassword
FNDA:2,compare
DA:1,3
DA:4,3
DA:5,3
DA:9,2
DA:10,2
DA:13,3
LF:6
LH:6
BRF:0
BRH:0
end_of_record
TN:
SF:helpers/jwt.js
FN:3,signToken
FN:9,verifyToken
FNF:2
FNH:2
FNDA:3,signToken
FNDA:16,verifyToken
DA:1,3
DA:4,3
DA:6,3
DA:10,16
DA:11,15
DA:14,3
LF:6
LH:6
BRF:0
BRH:0
end_of_record
TN:
SF:helpers/nodemailer.js
FN:11,sendMail
FN:14,(anonymous_1)
FN:23,(anonymous_2)
FN:32,generateMessage
FN:103,generateMessageApproval
FN:122,generateMessageDecline
FNF:6
FNH:2
FNDA:1,sendMail
FNDA:0,(anonymous_1)
FNDA:0,(anonymous_2)
FNDA:0,generateMessage
FNDA:1,generateMessageApproval
FNDA:0,generateMessageDecline
DA:1,3
DA:3,3
DA:12,1
DA:13,1
DA:14,0
DA:16,1
DA:23,1
DA:24,0
DA:25,0
DA:27,0
DA:33,0
DA:104,1
DA:123,0
DA:141,3
LF:14
LH:8
BRDA:13,0,0,0
BRDA:13,0,1,1
BRDA:24,1,0,0
BRDA:24,1,1,0
BRF:4
BRH:1
end_of_record
TN:
SF:middlewares/auth.js
FN:9,(anonymous_0)
FN:31,(anonymous_1)
FNF:2
FNH:2
FNDA:21,(anonymous_0)
FNDA:8,(anonymous_1)
DA:1,3
DA:2,3
DA:3,3
DA:5,3
DA:6,3
DA:10,21
DA:11,21
DA:12,21
DA:13,5
DA:15,16
DA:16,15
DA:19,15
DA:20,0
DA:22,15
DA:23,15
DA:27,6
DA:32,8
DA:33,8
DA:34,8
DA:35,8
DA:38,8
DA:39,3
DA:40,5
DA:41,0
DA:42,0
DA:43,0
DA:45,5
DA:48,3
DA:54,3
LF:29
LH:25
BRDA:12,0,0,5
BRDA:12,0,1,16
BRDA:19,1,0,0
BRDA:19,1,1,15
BRDA:38,2,0,3
BRDA:38,2,1,5
BRDA:40,3,0,0
BRDA:40,3,1,5
BRF:8
BRH:6
end_of_record
TN:
SF:middlewares/error_handler.js
FN:1,error_handler
FNF:1
FNH:1
FNDA:23,error_handler
DA:2,23
DA:3,23
DA:5,23
DA:6,2
DA:7,2
DA:9,23
DA:12,3
LF:7
LH:7
BRDA:2,0,0,23
BRDA:2,0,1,5
BRDA:3,1,0,23
BRDA:3,1,1,0
BRDA:5,2,0,2
BRDA:5,2,1,21
BRF:6
BRH:5
end_of_record
TN:
SF:routes/favorite_route.js
FNF:0
FNH:0
DA:1,3
DA:2,3
DA:3,3
DA:5,3
DA:6,3
DA:7,3
DA:8,3
DA:10,3
LF:8
LH:8
BRF:0
BRH:0
end_of_record
TN:
SF:routes/index.js
FNF:0
FNH:0
DA:1,3
DA:2,3
DA:3,3
DA:4,3
DA:6,3
DA:7,3
DA:8,3
DA:10,3
LF:8
LH:8
BRF:0
BRH:0
end_of_record
TN:
SF:routes/pets_route.js
FNF:0
FNH:0
DA:1,3
DA:2,3
DA:3,3
DA:5,3
DA:6,3
DA:8,3
DA:9,3
DA:10,3
DA:11,3
DA:13,3
DA:14,3
DA:15,3
DA:16,3
DA:18,3
LF:14
LH:14
BRF:0
BRH:0
end_of_record
TN:
SF:routes/user_route.js
FNF:0
FNH:0
DA:1,3
DA:2,3
DA:4,3
DA:5,3
DA:6,3
DA:8,3
LF:6
LH:6
BRF:0
BRH:0
end_of_record
